DEBUG com.elintegro.erf.dataframe.service.MetaFieldService - 
DEBUG com.elintegro.erf.dataframe.service.MetaFieldService - 
DEBUG com.elintegro.erf.dataframe.service.MetaFieldService - 
DEBUG com.elintegro.erf.dataframe.service.MetaFieldService - 
DEBUG com.elintegro.erf.dataframe.service.MetaFieldService - 
DEBUG com.elintegro.erf.dataframe.service.MetaFieldService - 
DEBUG com.elintegro.erf.dataframe.service.MetaFieldService - 
DEBUG com.elintegro.erf.dataframe.service.MetaFieldService - 
DEBUG com.elintegro.erf.dataframe.service.MetaFieldService - 
INFO com.elintegro.erf.dataframe.service.MetaFieldService - metafield:TableName: facility Column Name: id   DataType: BIGINT    DomainClass: java.lang.Long
INFO com.elintegro.erf.dataframe.service.MetaFieldService - metafield:TableName: facility Column Name: facility_name   DataType: VARCHAR    DomainClass: java.lang.String
INFO com.elintegro.erf.dataframe.vue.DataframeVue - fld: id widget:NumberInputWidgetVue datatype: BIGINT
INFO com.elintegro.erf.dataframe.vue.DataframeVue - fld: facilityName widget:InputWidgetVue datatype: VARCHAR
DEBUG com.elintegro.erf.dataframe.vue.DataframeVue - Found widget for id != NumberInputWidgetVue
DEBUG com.elintegro.erf.dataframe.vue.DataframeVue - Found widget for facilityName != TextDisplayWidgetVue
DEBUG com.elintegro.erf.dataframe.service.MetaFieldService - 
DEBUG com.elintegro.erf.dataframe.service.MetaFieldService - 
DEBUG com.elintegro.erf.dataframe.service.MetaFieldService - 
DEBUG com.elintegro.erf.dataframe.service.MetaFieldService - 
DEBUG com.elintegro.erf.dataframe.service.MetaFieldService - 
DEBUG com.elintegro.erf.dataframe.service.MetaFieldService - 
DEBUG com.elintegro.erf.dataframe.service.MetaFieldService - 
DEBUG com.elintegro.erf.dataframe.service.MetaFieldService - 
DEBUG com.elintegro.erf.dataframe.service.MetaFieldService - 
DEBUG com.elintegro.erf.dataframe.service.MetaFieldService - 
DEBUG com.elintegro.erf.dataframe.service.MetaFieldService - 
DEBUG com.elintegro.erf.dataframe.service.MetaFieldService - 
DEBUG com.elintegro.erf.dataframe.service.MetaFieldService - 
DEBUG com.elintegro.erf.dataframe.service.MetaFieldService - 
DEBUG com.elintegro.erf.dataframe.service.MetaFieldService - 
INFO com.elintegro.erf.dataframe.service.MetaFieldService - metafield:TableName: user Column Name: email   DataType: VARCHAR    DomainClass: java.lang.String
INFO com.elintegro.erf.dataframe.service.MetaFieldService - metafield:TableName: user Column Name: password   DataType: VARCHAR    DomainClass: java.lang.String
INFO com.elintegro.erf.dataframe.service.MetaFieldService - metafield:TableName: user Column Name: first_name   DataType: VARCHAR    DomainClass: java.lang.String
INFO com.elintegro.erf.dataframe.service.MetaFieldService - metafield:TableName: user Column Name: last_name   DataType: VARCHAR    DomainClass: java.lang.String
INFO com.elintegro.erf.dataframe.vue.DataframeVue - fld: email widget:InputWidgetVue datatype: VARCHAR
INFO com.elintegro.erf.dataframe.vue.DataframeVue - fld: password widget:InputWidgetVue datatype: VARCHAR
INFO com.elintegro.erf.dataframe.vue.DataframeVue - fld: firstName widget:InputWidgetVue datatype: VARCHAR
INFO com.elintegro.erf.dataframe.vue.DataframeVue - fld: lastName widget:InputWidgetVue datatype: VARCHAR
DEBUG com.elintegro.erf.dataframe.vue.DataframeVue - Found widget for email != EmailWidgetVue
DEBUG com.elintegro.erf.dataframe.vue.DataframeVue - Found widget for password != PasswordWidgetVue
DEBUG com.elintegro.erf.dataframe.vue.DataframeVue - Found widget for password2 != PasswordWidgetVue
DEBUG com.elintegro.erf.dataframe.vue.DataframeVue - Found widget for firstName != InputWidgetVue
DEBUG com.elintegro.erf.dataframe.vue.DataframeVue - Found widget for lastName != InputWidgetVue
DEBUG com.elintegro.erf.dataframe.vue.DataframeVue - Found widget for googleMap != MapWidgetVue
DEBUG com.elintegro.erf.dataframe.service.MetaFieldService - 
DEBUG com.elintegro.erf.dataframe.service.MetaFieldService - 
DEBUG com.elintegro.erf.dataframe.service.MetaFieldService - 
DEBUG com.elintegro.erf.dataframe.service.MetaFieldService - 
DEBUG com.elintegro.erf.dataframe.service.MetaFieldService - 
DEBUG com.elintegro.erf.dataframe.service.MetaFieldService - 
DEBUG com.elintegro.erf.dataframe.service.MetaFieldService - 
DEBUG com.elintegro.erf.dataframe.service.MetaFieldService - 
INFO com.elintegro.erf.dataframe.service.MetaFieldService - metafield:TableName: address Column Name: address_line   DataType: VARCHAR    DomainClass: java.lang.String
INFO com.elintegro.erf.dataframe.service.MetaFieldService - metafield:TableName: address Column Name: address_line2   DataType: VARCHAR    DomainClass: java.lang.String
INFO com.elintegro.erf.dataframe.service.MetaFieldService - metafield:TableName: address Column Name: id   DataType: BIGINT    DomainClass: java.lang.Long
INFO com.elintegro.erf.dataframe.service.MetaFieldService - metafield:TableName: address Column Name: address_text   DataType: VARCHAR    DomainClass: java.lang.String
INFO com.elintegro.erf.dataframe.service.MetaFieldService - metafield:TableName: address Column Name: apartment   DataType: VARCHAR    DomainClass: java.lang.String
INFO com.elintegro.erf.dataframe.service.MetaFieldService - metafield:TableName: address Column Name: street   DataType: VARCHAR    DomainClass: java.lang.String
INFO com.elintegro.erf.dataframe.service.MetaFieldService - metafield:TableName: address Column Name: city_string   DataType: VARCHAR    DomainClass: java.lang.String
INFO com.elintegro.erf.dataframe.service.MetaFieldService - metafield:TableName: address Column Name: country_string   DataType: VARCHAR    DomainClass: java.lang.String
INFO com.elintegro.erf.dataframe.service.MetaFieldService - metafield:TableName: address Column Name: postal_zip   DataType: VARCHAR    DomainClass: java.lang.String
INFO com.elintegro.erf.dataframe.vue.DataframeVue - fld: addressLine widget:InputWidgetVue datatype: VARCHAR
INFO com.elintegro.erf.dataframe.vue.DataframeVue - fld: addressLine2 widget:InputWidgetVue datatype: VARCHAR
INFO com.elintegro.erf.dataframe.vue.DataframeVue - fld: id widget:NumberInputWidgetVue datatype: BIGINT
INFO com.elintegro.erf.dataframe.vue.DataframeVue - fld: addressText widget:InputWidgetVue datatype: VARCHAR
INFO com.elintegro.erf.dataframe.vue.DataframeVue - fld: apartment widget:InputWidgetVue datatype: VARCHAR
INFO com.elintegro.erf.dataframe.vue.DataframeVue - fld: street widget:InputWidgetVue datatype: VARCHAR
INFO com.elintegro.erf.dataframe.vue.DataframeVue - fld: cityString widget:InputWidgetVue datatype: VARCHAR
INFO com.elintegro.erf.dataframe.vue.DataframeVue - fld: countryString widget:InputWidgetVue datatype: VARCHAR
INFO com.elintegro.erf.dataframe.vue.DataframeVue - fld: postalZip widget:InputWidgetVue datatype: VARCHAR
DEBUG com.elintegro.erf.dataframe.vue.DataframeVue - Found widget for addressLine != InputWidgetVue
DEBUG com.elintegro.erf.dataframe.vue.DataframeVue - Found widget for addressLine2 != InputWidgetVue
DEBUG com.elintegro.erf.dataframe.vue.DataframeVue - Found widget for id != NumberInputWidgetVue
DEBUG com.elintegro.erf.dataframe.vue.DataframeVue - Found widget for addressText != InputWidgetVue
DEBUG com.elintegro.erf.dataframe.vue.DataframeVue - Found widget for apartment != InputWidgetVue
DEBUG com.elintegro.erf.dataframe.vue.DataframeVue - Found widget for street != InputWidgetVue
DEBUG com.elintegro.erf.dataframe.vue.DataframeVue - Found widget for cityString != InputWidgetVue
DEBUG com.elintegro.erf.dataframe.vue.DataframeVue - Found widget for countryString != InputWidgetVue
DEBUG com.elintegro.erf.dataframe.vue.DataframeVue - Found widget for postalZip != InputWidgetVue
INFO com.elintegro.erf.dataframe.service.MetaFieldService - metafield:TableName: address Column Name: address_line   DataType: VARCHAR    DomainClass: java.lang.String
INFO com.elintegro.erf.dataframe.service.MetaFieldService - metafield:TableName: address Column Name: address_line2   DataType: VARCHAR    DomainClass: java.lang.String
INFO com.elintegro.erf.dataframe.service.MetaFieldService - metafield:TableName: address Column Name: id   DataType: BIGINT    DomainClass: java.lang.Long
INFO com.elintegro.erf.dataframe.service.MetaFieldService - metafield:TableName: address Column Name: address_text   DataType: VARCHAR    DomainClass: java.lang.String
INFO com.elintegro.erf.dataframe.service.MetaFieldService - metafield:TableName: address Column Name: apartment   DataType: VARCHAR    DomainClass: java.lang.String
INFO com.elintegro.erf.dataframe.service.MetaFieldService - metafield:TableName: address Column Name: street   DataType: VARCHAR    DomainClass: java.lang.String
INFO com.elintegro.erf.dataframe.service.MetaFieldService - metafield:TableName: address Column Name: city_string   DataType: VARCHAR    DomainClass: java.lang.String
INFO com.elintegro.erf.dataframe.service.MetaFieldService - metafield:TableName: address Column Name: country_string   DataType: VARCHAR    DomainClass: java.lang.String
INFO com.elintegro.erf.dataframe.service.MetaFieldService - metafield:TableName: address Column Name: postal_zip   DataType: VARCHAR    DomainClass: java.lang.String
INFO com.elintegro.erf.dataframe.vue.DataframeVue - fld: addressLine widget:InputWidgetVue datatype: VARCHAR
INFO com.elintegro.erf.dataframe.vue.DataframeVue - fld: addressLine2 widget:InputWidgetVue datatype: VARCHAR
INFO com.elintegro.erf.dataframe.vue.DataframeVue - fld: id widget:NumberInputWidgetVue datatype: BIGINT
INFO com.elintegro.erf.dataframe.vue.DataframeVue - fld: addressText widget:InputWidgetVue datatype: VARCHAR
INFO com.elintegro.erf.dataframe.vue.DataframeVue - fld: apartment widget:InputWidgetVue datatype: VARCHAR
INFO com.elintegro.erf.dataframe.vue.DataframeVue - fld: street widget:InputWidgetVue datatype: VARCHAR
INFO com.elintegro.erf.dataframe.vue.DataframeVue - fld: cityString widget:InputWidgetVue datatype: VARCHAR
INFO com.elintegro.erf.dataframe.vue.DataframeVue - fld: countryString widget:InputWidgetVue datatype: VARCHAR
INFO com.elintegro.erf.dataframe.vue.DataframeVue - fld: postalZip widget:InputWidgetVue datatype: VARCHAR
DEBUG com.elintegro.erf.dataframe.vue.DataframeVue - Found widget for addressLine != InputWidgetVue
DEBUG com.elintegro.erf.dataframe.vue.DataframeVue - Found widget for validateWithGoogle != ButtonWidgetVue
DEBUG com.elintegro.erf.dataframe.vue.DataframeVue - Found widget for addressLine2 != InputWidgetVue
DEBUG com.elintegro.erf.dataframe.vue.DataframeVue - Found widget for id != NumberInputWidgetVue
DEBUG com.elintegro.erf.dataframe.vue.DataframeVue - Found widget for addressText != InputWidgetVue
DEBUG com.elintegro.erf.dataframe.vue.DataframeVue - Found widget for apartment != InputWidgetVue
DEBUG com.elintegro.erf.dataframe.vue.DataframeVue - Found widget for street != InputWidgetVue
DEBUG com.elintegro.erf.dataframe.vue.DataframeVue - Found widget for cityString != InputWidgetVue
DEBUG com.elintegro.erf.dataframe.vue.DataframeVue - Found widget for countryString != InputWidgetVue
DEBUG com.elintegro.erf.dataframe.vue.DataframeVue - Found widget for postalZip != InputWidgetVue
DEBUG com.elintegro.erf.dataframe.vue.DataframeVue - Found widget for googleMap != DataframeWidgetVue
DEBUG com.elintegro.erf.dataframe.service.MetaFieldService - 
DEBUG com.elintegro.erf.dataframe.service.MetaFieldService - 
DEBUG com.elintegro.erf.dataframe.service.MetaFieldService - 
DEBUG com.elintegro.erf.dataframe.service.MetaFieldService - 
DEBUG com.elintegro.erf.dataframe.service.MetaFieldService - 
DEBUG com.elintegro.erf.dataframe.service.MetaFieldService - 
DEBUG com.elintegro.erf.dataframe.service.MetaFieldService - 
DEBUG com.elintegro.erf.dataframe.service.MetaFieldService - 
DEBUG com.elintegro.erf.dataframe.service.MetaFieldService - 
DEBUG com.elintegro.erf.dataframe.service.MetaFieldService - 
DEBUG com.elintegro.erf.dataframe.service.MetaFieldService - 
DEBUG com.elintegro.erf.dataframe.service.MetaFieldService - 
DEBUG com.elintegro.erf.dataframe.service.MetaFieldService - 
DEBUG com.elintegro.erf.dataframe.service.MetaFieldService - 
DEBUG com.elintegro.erf.dataframe.service.MetaFieldService - 
DEBUG com.elintegro.erf.dataframe.service.MetaFieldService - 
INFO com.elintegro.erf.dataframe.service.MetaFieldService - metafield:TableName: person Column Name: first_name   DataType: VARCHAR    DomainClass: java.lang.String
INFO com.elintegro.erf.dataframe.service.MetaFieldService - metafield:TableName: person Column Name: last_name   DataType: VARCHAR    DomainClass: java.lang.String
INFO com.elintegro.erf.dataframe.service.MetaFieldService - metafield:TableName: person Column Name: id   DataType: BIGINT    DomainClass: java.lang.Long
INFO com.elintegro.erf.dataframe.service.MetaFieldService - metafield:TableName: person Column Name: contact_email   DataType: VARCHAR    DomainClass: java.lang.String
INFO com.elintegro.erf.dataframe.service.MetaFieldService - metafield:TableName: person Column Name: phone   DataType: VARCHAR    DomainClass: java.lang.String
INFO com.elintegro.erf.dataframe.vue.DataframeVue - fld: firstName widget:InputWidgetVue datatype: VARCHAR
INFO com.elintegro.erf.dataframe.vue.DataframeVue - fld: lastName widget:InputWidgetVue datatype: VARCHAR
INFO com.elintegro.erf.dataframe.vue.DataframeVue - fld: id widget:NumberInputWidgetVue datatype: BIGINT
INFO com.elintegro.erf.dataframe.vue.DataframeVue - fld: email widget:InputWidgetVue datatype: VARCHAR
INFO com.elintegro.erf.dataframe.vue.DataframeVue - fld: phone widget:InputWidgetVue datatype: VARCHAR
DEBUG com.elintegro.erf.dataframe.vue.DataframeVue - Found widget for firstName != InputWidgetVue
DEBUG com.elintegro.erf.dataframe.vue.DataframeVue - Found widget for lastName != InputWidgetVue
DEBUG com.elintegro.erf.dataframe.vue.DataframeVue - Found widget for id != NumberInputWidgetVue
DEBUG com.elintegro.erf.dataframe.vue.DataframeVue - Found widget for email != EmailWidgetVue
DEBUG com.elintegro.erf.dataframe.vue.DataframeVue - Found widget for phone != InputWidgetVue
DEBUG com.elintegro.erf.dataframe.vue.DataframeVue - Found widget for person.mainPicture != PictureDisplayWidgetVue
INFO com.elintegro.erf.dataframe.service.MetaFieldService - metafield:TableName: person Column Name: first_name   DataType: VARCHAR    DomainClass: java.lang.String
INFO com.elintegro.erf.dataframe.service.MetaFieldService - metafield:TableName: person Column Name: last_name   DataType: VARCHAR    DomainClass: java.lang.String
INFO com.elintegro.erf.dataframe.service.MetaFieldService - metafield:TableName: person Column Name: id   DataType: BIGINT    DomainClass: java.lang.Long
INFO com.elintegro.erf.dataframe.service.MetaFieldService - metafield:TableName: person Column Name: contact_email   DataType: VARCHAR    DomainClass: java.lang.String
INFO com.elintegro.erf.dataframe.service.MetaFieldService - metafield:TableName: person Column Name: phone   DataType: VARCHAR    DomainClass: java.lang.String
INFO com.elintegro.erf.dataframe.vue.DataframeVue - fld: firstName widget:InputWidgetVue datatype: VARCHAR
INFO com.elintegro.erf.dataframe.vue.DataframeVue - fld: lastName widget:InputWidgetVue datatype: VARCHAR
INFO com.elintegro.erf.dataframe.vue.DataframeVue - fld: id widget:NumberInputWidgetVue datatype: BIGINT
INFO com.elintegro.erf.dataframe.vue.DataframeVue - fld: email widget:InputWidgetVue datatype: VARCHAR
INFO com.elintegro.erf.dataframe.vue.DataframeVue - fld: phone widget:InputWidgetVue datatype: VARCHAR
DEBUG com.elintegro.erf.dataframe.vue.DataframeVue - Found widget for firstName != InputWidgetVue
DEBUG com.elintegro.erf.dataframe.vue.DataframeVue - Found widget for lastName != InputWidgetVue
DEBUG com.elintegro.erf.dataframe.vue.DataframeVue - Found widget for id != NumberInputWidgetVue
DEBUG com.elintegro.erf.dataframe.vue.DataframeVue - Found widget for email != EmailWidgetVue
DEBUG com.elintegro.erf.dataframe.vue.DataframeVue - Found widget for phone != InputWidgetVue
DEBUG com.elintegro.erf.dataframe.vue.DataframeVue - Found widget for person.mainPicture != PictureDisplayWidgetVue
INFO com.elintegro.erf.dataframe.service.MetaFieldService - metafield:TableName: person Column Name: first_name   DataType: VARCHAR    DomainClass: java.lang.String
INFO com.elintegro.erf.dataframe.service.MetaFieldService - metafield:TableName: person Column Name: last_name   DataType: VARCHAR    DomainClass: java.lang.String
INFO com.elintegro.erf.dataframe.service.MetaFieldService - metafield:TableName: person Column Name: id   DataType: BIGINT    DomainClass: java.lang.Long
INFO com.elintegro.erf.dataframe.service.MetaFieldService - metafield:TableName: person Column Name: contact_email   DataType: VARCHAR    DomainClass: java.lang.String
INFO com.elintegro.erf.dataframe.service.MetaFieldService - metafield:TableName: person Column Name: phone   DataType: VARCHAR    DomainClass: java.lang.String
INFO com.elintegro.erf.dataframe.vue.DataframeVue - fld: firstName widget:InputWidgetVue datatype: VARCHAR
INFO com.elintegro.erf.dataframe.vue.DataframeVue - fld: lastName widget:InputWidgetVue datatype: VARCHAR
INFO com.elintegro.erf.dataframe.vue.DataframeVue - fld: id widget:NumberInputWidgetVue datatype: BIGINT
INFO com.elintegro.erf.dataframe.vue.DataframeVue - fld: email widget:InputWidgetVue datatype: VARCHAR
INFO com.elintegro.erf.dataframe.vue.DataframeVue - fld: phone widget:InputWidgetVue datatype: VARCHAR
DEBUG com.elintegro.erf.dataframe.vue.DataframeVue - Found widget for firstName != InputWidgetVue
DEBUG com.elintegro.erf.dataframe.vue.DataframeVue - Found widget for lastName != InputWidgetVue
DEBUG com.elintegro.erf.dataframe.vue.DataframeVue - Found widget for id != NumberInputWidgetVue
DEBUG com.elintegro.erf.dataframe.vue.DataframeVue - Found widget for email != EmailWidgetVue
DEBUG com.elintegro.erf.dataframe.vue.DataframeVue - Found widget for phone != InputWidgetVue
DEBUG com.elintegro.erf.dataframe.vue.DataframeVue - Found widget for person.mainPicture != PictureDisplayWidgetVue
INFO com.elintegro.erf.dataframe.service.MetaFieldService - metafield:TableName: person Column Name: first_name   DataType: VARCHAR    DomainClass: java.lang.String
INFO com.elintegro.erf.dataframe.service.MetaFieldService - metafield:TableName: person Column Name: last_name   DataType: VARCHAR    DomainClass: java.lang.String
INFO com.elintegro.erf.dataframe.service.MetaFieldService - metafield:TableName: person Column Name: id   DataType: BIGINT    DomainClass: java.lang.Long
INFO com.elintegro.erf.dataframe.service.MetaFieldService - metafield:TableName: person Column Name: contact_email   DataType: VARCHAR    DomainClass: java.lang.String
INFO com.elintegro.erf.dataframe.service.MetaFieldService - metafield:TableName: person Column Name: phone   DataType: VARCHAR    DomainClass: java.lang.String
INFO com.elintegro.erf.dataframe.vue.DataframeVue - fld: firstName widget:InputWidgetVue datatype: VARCHAR
INFO com.elintegro.erf.dataframe.vue.DataframeVue - fld: lastName widget:InputWidgetVue datatype: VARCHAR
INFO com.elintegro.erf.dataframe.vue.DataframeVue - fld: id widget:NumberInputWidgetVue datatype: BIGINT
INFO com.elintegro.erf.dataframe.vue.DataframeVue - fld: email widget:InputWidgetVue datatype: VARCHAR
INFO com.elintegro.erf.dataframe.vue.DataframeVue - fld: phone widget:InputWidgetVue datatype: VARCHAR
DEBUG com.elintegro.erf.dataframe.vue.DataframeVue - Found widget for firstName != InputWidgetVue
DEBUG com.elintegro.erf.dataframe.vue.DataframeVue - Found widget for lastName != InputWidgetVue
DEBUG com.elintegro.erf.dataframe.vue.DataframeVue - Found widget for id != NumberInputWidgetVue
DEBUG com.elintegro.erf.dataframe.vue.DataframeVue - Found widget for email != EmailWidgetVue
DEBUG com.elintegro.erf.dataframe.vue.DataframeVue - Found widget for phone != InputWidgetVue
DEBUG com.elintegro.erf.dataframe.vue.DataframeVue - Found widget for person.mainPicture != PictureDisplayWidgetVue
DEBUG com.elintegro.erf.dataframe.service.MetaFieldService - 
DEBUG com.elintegro.erf.dataframe.service.MetaFieldService - 
DEBUG com.elintegro.erf.dataframe.service.MetaFieldService - 
DEBUG com.elintegro.erf.dataframe.service.MetaFieldService - 
DEBUG com.elintegro.erf.dataframe.service.MetaFieldService - 
DEBUG com.elintegro.erf.dataframe.service.MetaFieldService - 
DEBUG com.elintegro.erf.dataframe.service.MetaFieldService - 
DEBUG com.elintegro.erf.dataframe.service.MetaFieldService - 
DEBUG com.elintegro.erf.dataframe.service.MetaFieldService - 
DEBUG com.elintegro.erf.dataframe.service.MetaFieldService - 
DEBUG com.elintegro.erf.dataframe.service.MetaFieldService - 
DEBUG com.elintegro.erf.dataframe.service.MetaFieldService - 
DEBUG com.elintegro.erf.dataframe.service.MetaFieldService - 
DEBUG com.elintegro.erf.dataframe.service.MetaFieldService - 
DEBUG com.elintegro.erf.dataframe.service.MetaFieldService - 
INFO com.elintegro.erf.dataframe.service.MetaFieldService - metafield:TableName: employee Column Name: id   DataType: BIGINT    DomainClass: java.lang.Long
INFO com.elintegro.erf.dataframe.service.MetaFieldService - metafield:TableName: employee Column Name: position_start   DataType: DATE    DomainClass: java.util.Date
INFO com.elintegro.erf.dataframe.service.MetaFieldService - metafield:TableName: employee Column Name: role_id   DataType: ASSOCIATION    DomainClass: com.elintegro.auth.Role
INFO com.elintegro.erf.dataframe.service.MetaFieldService - metafield:TableName: employee Column Name: description   DataType: VARCHAR    DomainClass: java.lang.String
INFO com.elintegro.erf.dataframe.service.MetaFieldService - metafield:TableName: employee Column Name: person_id   DataType: ASSOCIATION    DomainClass: com.elintegro.crm.Person
INFO com.elintegro.erf.dataframe.vue.DataframeVue - fld: id widget:NumberInputWidgetVue datatype: BIGINT
INFO com.elintegro.erf.dataframe.vue.DataframeVue - fld: positionStart widget:DateWidgetVue datatype: DATE
INFO com.elintegro.erf.dataframe.vue.DataframeVue - fld: role widget:FKWidgetVue datatype: ASSOCIATION
INFO com.elintegro.erf.dataframe.vue.DataframeVue - fld: description widget:InputWidgetVue datatype: VARCHAR
INFO com.elintegro.erf.dataframe.vue.DataframeVue - fld: person widget:FKWidgetVue datatype: ASSOCIATION
DEBUG com.elintegro.erf.dataframe.vue.DataframeVue - Found widget for id != NumberInputWidgetVue
DEBUG com.elintegro.erf.dataframe.vue.DataframeVue - Found widget for positionStart != DateWidgetVue
DEBUG com.elintegro.erf.dataframe.vue.DataframeVue - Found widget for role != ComboboxVue
DEBUG com.elintegro.erf.dataframe.vue.DataframeVue - Found widget for description != TextAreaWidgetVue
DEBUG com.elintegro.erf.dataframe.vue.DataframeVue - Found widget for person != DataframeWidgetVue
INFO com.elintegro.erf.dataframe.service.MetaFieldService - metafield:TableName: employee Column Name: id   DataType: BIGINT    DomainClass: java.lang.Long
INFO com.elintegro.erf.dataframe.service.MetaFieldService - metafield:TableName: employee Column Name: position_start   DataType: DATE    DomainClass: java.util.Date
INFO com.elintegro.erf.dataframe.service.MetaFieldService - metafield:TableName: employee Column Name: role_id   DataType: ASSOCIATION    DomainClass: com.elintegro.auth.Role
INFO com.elintegro.erf.dataframe.service.MetaFieldService - metafield:TableName: employee Column Name: description   DataType: VARCHAR    DomainClass: java.lang.String
INFO com.elintegro.erf.dataframe.service.MetaFieldService - metafield:TableName: employee Column Name: person_id   DataType: ASSOCIATION    DomainClass: com.elintegro.crm.Person
INFO com.elintegro.erf.dataframe.vue.DataframeVue - fld: id widget:NumberInputWidgetVue datatype: BIGINT
INFO com.elintegro.erf.dataframe.vue.DataframeVue - fld: positionStart widget:DateWidgetVue datatype: DATE
INFO com.elintegro.erf.dataframe.vue.DataframeVue - fld: role widget:FKWidgetVue datatype: ASSOCIATION
INFO com.elintegro.erf.dataframe.vue.DataframeVue - fld: description widget:InputWidgetVue datatype: VARCHAR
INFO com.elintegro.erf.dataframe.vue.DataframeVue - fld: person widget:FKWidgetVue datatype: ASSOCIATION
DEBUG com.elintegro.erf.dataframe.vue.DataframeVue - Found widget for id != NumberInputWidgetVue
DEBUG com.elintegro.erf.dataframe.vue.DataframeVue - Found widget for positionStart != DateWidgetVue
DEBUG com.elintegro.erf.dataframe.vue.DataframeVue - Found widget for role != ComboboxVue
DEBUG com.elintegro.erf.dataframe.vue.DataframeVue - Found widget for description != TextAreaWidgetVue
DEBUG com.elintegro.erf.dataframe.vue.DataframeVue - Found widget for person != DataframeWidgetVue
DEBUG com.elintegro.erf.dataframe.vue.DataframeVue - Found widget for employee != GridWidgetVue
INFO com.elintegro.erf.dataframe.service.MetaFieldService - metafield:TableName: person Column Name: main_picture   DataType: VARCHAR    DomainClass: java.lang.String
INFO com.elintegro.erf.dataframe.service.MetaFieldService - metafield:TableName: person Column Name: first_name   DataType: VARCHAR    DomainClass: java.lang.String
INFO com.elintegro.erf.dataframe.service.MetaFieldService - metafield:TableName: person Column Name: last_name   DataType: VARCHAR    DomainClass: java.lang.String
INFO com.elintegro.erf.dataframe.service.MetaFieldService - metafield:TableName: employee Column Name: id   DataType: BIGINT    DomainClass: java.lang.Long
DEBUG com.elintegro.erf.dataframe.service.MetaFieldService - 
DEBUG com.elintegro.erf.dataframe.service.MetaFieldService - 
DEBUG com.elintegro.erf.dataframe.service.MetaFieldService - 
DEBUG com.elintegro.erf.dataframe.service.MetaFieldService - 
DEBUG com.elintegro.erf.dataframe.service.MetaFieldService - 
DEBUG com.elintegro.erf.dataframe.service.MetaFieldService - 
DEBUG com.elintegro.erf.dataframe.service.MetaFieldService - 
DEBUG com.elintegro.erf.dataframe.service.MetaFieldService - 
DEBUG com.elintegro.erf.dataframe.service.MetaFieldService - 
INFO com.elintegro.erf.dataframe.service.MetaFieldService - metafield:TableName: provider Column Name: id   DataType: BIGINT    DomainClass: java.lang.Long
INFO com.elintegro.erf.dataframe.service.MetaFieldService - metafield:TableName: provider Column Name: provider_type_id   DataType: ASSOCIATION    DomainClass: com.elintegro.elintegrostartapp.ref.ProviderType
INFO com.elintegro.erf.dataframe.service.MetaFieldService - metafield:TableName: provider Column Name: person_id   DataType: ASSOCIATION    DomainClass: com.elintegro.crm.Person
INFO com.elintegro.erf.dataframe.vue.DataframeVue - fld: id widget:NumberInputWidgetVue datatype: BIGINT
INFO com.elintegro.erf.dataframe.vue.DataframeVue - fld: providerType widget:FKWidgetVue datatype: ASSOCIATION
INFO com.elintegro.erf.dataframe.vue.DataframeVue - fld: person widget:FKWidgetVue datatype: ASSOCIATION
DEBUG com.elintegro.erf.dataframe.vue.DataframeVue - Found widget for id != NumberInputWidgetVue
DEBUG com.elintegro.erf.dataframe.vue.DataframeVue - Found widget for providerType != ComboboxVue
DEBUG com.elintegro.erf.dataframe.vue.DataframeVue - Found widget for person != DataframeWidgetVue
INFO com.elintegro.erf.dataframe.service.MetaFieldService - metafield:TableName: provider Column Name: id   DataType: BIGINT    DomainClass: java.lang.Long
INFO com.elintegro.erf.dataframe.service.MetaFieldService - metafield:TableName: provider Column Name: provider_type_id   DataType: ASSOCIATION    DomainClass: com.elintegro.elintegrostartapp.ref.ProviderType
INFO com.elintegro.erf.dataframe.service.MetaFieldService - metafield:TableName: provider Column Name: person_id   DataType: ASSOCIATION    DomainClass: com.elintegro.crm.Person
INFO com.elintegro.erf.dataframe.vue.DataframeVue - fld: id widget:NumberInputWidgetVue datatype: BIGINT
INFO com.elintegro.erf.dataframe.vue.DataframeVue - fld: providerType widget:FKWidgetVue datatype: ASSOCIATION
INFO com.elintegro.erf.dataframe.vue.DataframeVue - fld: person widget:FKWidgetVue datatype: ASSOCIATION
DEBUG com.elintegro.erf.dataframe.vue.DataframeVue - Found widget for id != NumberInputWidgetVue
DEBUG com.elintegro.erf.dataframe.vue.DataframeVue - Found widget for providerType != ComboboxVue
DEBUG com.elintegro.erf.dataframe.vue.DataframeVue - Found widget for person != DataframeWidgetVue
DEBUG com.elintegro.erf.dataframe.vue.DataframeVue - Found widget for provider != GridWidgetVue
INFO com.elintegro.erf.dataframe.service.MetaFieldService - metafield:TableName: person Column Name: first_name   DataType: VARCHAR    DomainClass: java.lang.String
INFO com.elintegro.erf.dataframe.service.MetaFieldService - metafield:TableName: person Column Name: last_name   DataType: VARCHAR    DomainClass: java.lang.String
INFO com.elintegro.erf.dataframe.service.MetaFieldService - metafield:TableName: provider Column Name: id   DataType: BIGINT    DomainClass: java.lang.Long
DEBUG com.elintegro.erf.dataframe.service.MetaFieldService - 
DEBUG com.elintegro.erf.dataframe.service.MetaFieldService - 
DEBUG com.elintegro.erf.dataframe.service.MetaFieldService - 
DEBUG com.elintegro.erf.dataframe.service.MetaFieldService - 
DEBUG com.elintegro.erf.dataframe.service.MetaFieldService - 
DEBUG com.elintegro.erf.dataframe.service.MetaFieldService - 
DEBUG com.elintegro.erf.dataframe.service.MetaFieldService - 
DEBUG com.elintegro.erf.dataframe.service.MetaFieldService - 
DEBUG com.elintegro.erf.dataframe.service.MetaFieldService - 
INFO com.elintegro.erf.dataframe.service.MetaFieldService - metafield:TableName: vendor Column Name: id   DataType: BIGINT    DomainClass: java.lang.Long
INFO com.elintegro.erf.dataframe.service.MetaFieldService - metafield:TableName: vendor Column Name: person_id   DataType: ASSOCIATION    DomainClass: com.elintegro.crm.Person
INFO com.elintegro.erf.dataframe.service.MetaFieldService - metafield:TableName: vendor Column Name: description   DataType: VARCHAR    DomainClass: java.lang.String
INFO com.elintegro.erf.dataframe.vue.DataframeVue - fld: id widget:NumberInputWidgetVue datatype: BIGINT
INFO com.elintegro.erf.dataframe.vue.DataframeVue - fld: person widget:FKWidgetVue datatype: ASSOCIATION
INFO com.elintegro.erf.dataframe.vue.DataframeVue - fld: description widget:InputWidgetVue datatype: VARCHAR
DEBUG com.elintegro.erf.dataframe.vue.DataframeVue - Found widget for id != NumberInputWidgetVue
DEBUG com.elintegro.erf.dataframe.vue.DataframeVue - Found widget for person != DataframeWidgetVue
DEBUG com.elintegro.erf.dataframe.vue.DataframeVue - Found widget for description != TextAreaWidgetVue
INFO com.elintegro.erf.dataframe.service.MetaFieldService - metafield:TableName: vendor Column Name: id   DataType: BIGINT    DomainClass: java.lang.Long
INFO com.elintegro.erf.dataframe.service.MetaFieldService - metafield:TableName: vendor Column Name: person_id   DataType: ASSOCIATION    DomainClass: com.elintegro.crm.Person
INFO com.elintegro.erf.dataframe.service.MetaFieldService - metafield:TableName: vendor Column Name: description   DataType: VARCHAR    DomainClass: java.lang.String
INFO com.elintegro.erf.dataframe.vue.DataframeVue - fld: id widget:NumberInputWidgetVue datatype: BIGINT
INFO com.elintegro.erf.dataframe.vue.DataframeVue - fld: person widget:FKWidgetVue datatype: ASSOCIATION
INFO com.elintegro.erf.dataframe.vue.DataframeVue - fld: description widget:InputWidgetVue datatype: VARCHAR
DEBUG com.elintegro.erf.dataframe.vue.DataframeVue - Found widget for id != NumberInputWidgetVue
DEBUG com.elintegro.erf.dataframe.vue.DataframeVue - Found widget for person != DataframeWidgetVue
DEBUG com.elintegro.erf.dataframe.vue.DataframeVue - Found widget for description != TextAreaWidgetVue
DEBUG com.elintegro.erf.dataframe.vue.DataframeVue - Found widget for vendor != GridWidgetVue
INFO com.elintegro.erf.dataframe.service.MetaFieldService - metafield:TableName: person Column Name: first_name   DataType: VARCHAR    DomainClass: java.lang.String
INFO com.elintegro.erf.dataframe.service.MetaFieldService - metafield:TableName: person Column Name: last_name   DataType: VARCHAR    DomainClass: java.lang.String
INFO com.elintegro.erf.dataframe.service.MetaFieldService - metafield:TableName: vendor Column Name: id   DataType: BIGINT    DomainClass: java.lang.Long
DEBUG com.elintegro.erf.dataframe.service.MetaFieldService - 
DEBUG com.elintegro.erf.dataframe.service.MetaFieldService - 
DEBUG com.elintegro.erf.dataframe.service.MetaFieldService - 
DEBUG com.elintegro.erf.dataframe.service.MetaFieldService - 
DEBUG com.elintegro.erf.dataframe.service.MetaFieldService - 
DEBUG com.elintegro.erf.dataframe.service.MetaFieldService - 
DEBUG com.elintegro.erf.dataframe.service.MetaFieldService - 
DEBUG com.elintegro.erf.dataframe.service.MetaFieldService - 
DEBUG com.elintegro.erf.dataframe.service.MetaFieldService - 
INFO com.elintegro.erf.dataframe.service.MetaFieldService - metafield:TableName: client Column Name: id   DataType: BIGINT    DomainClass: java.lang.Long
INFO com.elintegro.erf.dataframe.service.MetaFieldService - metafield:TableName: client Column Name: person_id   DataType: ASSOCIATION    DomainClass: com.elintegro.crm.Person
INFO com.elintegro.erf.dataframe.vue.DataframeVue - fld: id widget:NumberInputWidgetVue datatype: BIGINT
INFO com.elintegro.erf.dataframe.vue.DataframeVue - fld: person widget:FKWidgetVue datatype: ASSOCIATION
DEBUG com.elintegro.erf.dataframe.vue.DataframeVue - Found widget for id != NumberInputWidgetVue
DEBUG com.elintegro.erf.dataframe.vue.DataframeVue - Found widget for person != DataframeWidgetVue
INFO com.elintegro.erf.dataframe.service.MetaFieldService - metafield:TableName: client Column Name: id   DataType: BIGINT    DomainClass: java.lang.Long
INFO com.elintegro.erf.dataframe.service.MetaFieldService - metafield:TableName: client Column Name: person_id   DataType: ASSOCIATION    DomainClass: com.elintegro.crm.Person
INFO com.elintegro.erf.dataframe.vue.DataframeVue - fld: id widget:NumberInputWidgetVue datatype: BIGINT
INFO com.elintegro.erf.dataframe.vue.DataframeVue - fld: person widget:FKWidgetVue datatype: ASSOCIATION
DEBUG com.elintegro.erf.dataframe.vue.DataframeVue - Found widget for id != NumberInputWidgetVue
DEBUG com.elintegro.erf.dataframe.vue.DataframeVue - Found widget for person != DataframeWidgetVue
DEBUG com.elintegro.erf.dataframe.vue.DataframeVue - Found widget for client != GridWidgetVue
INFO com.elintegro.erf.dataframe.service.MetaFieldService - metafield:TableName: person Column Name: first_name   DataType: VARCHAR    DomainClass: java.lang.String
INFO com.elintegro.erf.dataframe.service.MetaFieldService - metafield:TableName: person Column Name: last_name   DataType: VARCHAR    DomainClass: java.lang.String
INFO com.elintegro.erf.dataframe.service.MetaFieldService - metafield:TableName: client Column Name: id   DataType: BIGINT    DomainClass: java.lang.Long
INFO com.elintegro.erf.dataframe.service.MetaFieldService - metafield:TableName: person Column Name: first_name   DataType: VARCHAR    DomainClass: java.lang.String
INFO com.elintegro.erf.dataframe.service.MetaFieldService - metafield:TableName: person Column Name: last_name   DataType: VARCHAR    DomainClass: java.lang.String
INFO com.elintegro.erf.dataframe.service.MetaFieldService - metafield:TableName: person Column Name: id   DataType: BIGINT    DomainClass: java.lang.Long
INFO com.elintegro.erf.dataframe.service.MetaFieldService - metafield:TableName: person Column Name: contact_email   DataType: VARCHAR    DomainClass: java.lang.String
INFO com.elintegro.erf.dataframe.service.MetaFieldService - metafield:TableName: person Column Name: phone   DataType: VARCHAR    DomainClass: java.lang.String
INFO com.elintegro.erf.dataframe.vue.DataframeVue - fld: firstName widget:InputWidgetVue datatype: VARCHAR
INFO com.elintegro.erf.dataframe.vue.DataframeVue - fld: lastName widget:InputWidgetVue datatype: VARCHAR
INFO com.elintegro.erf.dataframe.vue.DataframeVue - fld: id widget:NumberInputWidgetVue datatype: BIGINT
INFO com.elintegro.erf.dataframe.vue.DataframeVue - fld: email widget:InputWidgetVue datatype: VARCHAR
INFO com.elintegro.erf.dataframe.vue.DataframeVue - fld: phone widget:InputWidgetVue datatype: VARCHAR
DEBUG com.elintegro.erf.dataframe.vue.DataframeVue - Found widget for firstName != InputWidgetVue
DEBUG com.elintegro.erf.dataframe.vue.DataframeVue - Found widget for lastName != InputWidgetVue
DEBUG com.elintegro.erf.dataframe.vue.DataframeVue - Found widget for id != NumberInputWidgetVue
DEBUG com.elintegro.erf.dataframe.vue.DataframeVue - Found widget for email != EmailWidgetVue
DEBUG com.elintegro.erf.dataframe.vue.DataframeVue - Found widget for phone != InputWidgetVue
DEBUG com.elintegro.erf.dataframe.vue.DataframeVue - Found widget for person.mainPicture != PictureDisplayWidgetVue
INFO com.elintegro.erf.dataframe.service.MetaFieldService - metafield:TableName: address Column Name: address_line   DataType: VARCHAR    DomainClass: java.lang.String
INFO com.elintegro.erf.dataframe.service.MetaFieldService - metafield:TableName: address Column Name: address_line2   DataType: VARCHAR    DomainClass: java.lang.String
INFO com.elintegro.erf.dataframe.service.MetaFieldService - metafield:TableName: address Column Name: id   DataType: BIGINT    DomainClass: java.lang.Long
INFO com.elintegro.erf.dataframe.service.MetaFieldService - metafield:TableName: address Column Name: address_text   DataType: VARCHAR    DomainClass: java.lang.String
INFO com.elintegro.erf.dataframe.service.MetaFieldService - metafield:TableName: address Column Name: apartment   DataType: VARCHAR    DomainClass: java.lang.String
INFO com.elintegro.erf.dataframe.service.MetaFieldService - metafield:TableName: address Column Name: street   DataType: VARCHAR    DomainClass: java.lang.String
INFO com.elintegro.erf.dataframe.service.MetaFieldService - metafield:TableName: address Column Name: city_string   DataType: VARCHAR    DomainClass: java.lang.String
INFO com.elintegro.erf.dataframe.service.MetaFieldService - metafield:TableName: address Column Name: country_string   DataType: VARCHAR    DomainClass: java.lang.String
INFO com.elintegro.erf.dataframe.service.MetaFieldService - metafield:TableName: address Column Name: postal_zip   DataType: VARCHAR    DomainClass: java.lang.String
INFO com.elintegro.erf.dataframe.vue.DataframeVue - fld: addressLine widget:InputWidgetVue datatype: VARCHAR
INFO com.elintegro.erf.dataframe.vue.DataframeVue - fld: addressLine2 widget:InputWidgetVue datatype: VARCHAR
INFO com.elintegro.erf.dataframe.vue.DataframeVue - fld: id widget:NumberInputWidgetVue datatype: BIGINT
INFO com.elintegro.erf.dataframe.vue.DataframeVue - fld: addressText widget:InputWidgetVue datatype: VARCHAR
INFO com.elintegro.erf.dataframe.vue.DataframeVue - fld: apartment widget:InputWidgetVue datatype: VARCHAR
INFO com.elintegro.erf.dataframe.vue.DataframeVue - fld: street widget:InputWidgetVue datatype: VARCHAR
INFO com.elintegro.erf.dataframe.vue.DataframeVue - fld: cityString widget:InputWidgetVue datatype: VARCHAR
INFO com.elintegro.erf.dataframe.vue.DataframeVue - fld: countryString widget:InputWidgetVue datatype: VARCHAR
INFO com.elintegro.erf.dataframe.vue.DataframeVue - fld: postalZip widget:InputWidgetVue datatype: VARCHAR
DEBUG com.elintegro.erf.dataframe.vue.DataframeVue - Found widget for addressLine != InputWidgetVue
DEBUG com.elintegro.erf.dataframe.vue.DataframeVue - Found widget for validateWithGoogle != ButtonWidgetVue
DEBUG com.elintegro.erf.dataframe.vue.DataframeVue - Found widget for addressLine2 != InputWidgetVue
DEBUG com.elintegro.erf.dataframe.vue.DataframeVue - Found widget for id != NumberInputWidgetVue
DEBUG com.elintegro.erf.dataframe.vue.DataframeVue - Found widget for addressText != InputWidgetVue
DEBUG com.elintegro.erf.dataframe.vue.DataframeVue - Found widget for apartment != InputWidgetVue
DEBUG com.elintegro.erf.dataframe.vue.DataframeVue - Found widget for street != InputWidgetVue
DEBUG com.elintegro.erf.dataframe.vue.DataframeVue - Found widget for cityString != InputWidgetVue
DEBUG com.elintegro.erf.dataframe.vue.DataframeVue - Found widget for countryString != InputWidgetVue
DEBUG com.elintegro.erf.dataframe.vue.DataframeVue - Found widget for postalZip != InputWidgetVue
DEBUG com.elintegro.erf.dataframe.vue.DataframeVue - Found widget for googleMap != DataframeWidgetVue
INFO com.elintegro.erf.dataframe.service.MetaFieldService - metafield:TableName: employee Column Name: id   DataType: BIGINT    DomainClass: java.lang.Long
INFO com.elintegro.erf.dataframe.service.MetaFieldService - metafield:TableName: employee Column Name: position_start   DataType: DATE    DomainClass: java.util.Date
INFO com.elintegro.erf.dataframe.service.MetaFieldService - metafield:TableName: employee Column Name: role_id   DataType: ASSOCIATION    DomainClass: com.elintegro.auth.Role
INFO com.elintegro.erf.dataframe.service.MetaFieldService - metafield:TableName: employee Column Name: description   DataType: VARCHAR    DomainClass: java.lang.String
INFO com.elintegro.erf.dataframe.service.MetaFieldService - metafield:TableName: employee Column Name: person_id   DataType: ASSOCIATION    DomainClass: com.elintegro.crm.Person
INFO com.elintegro.erf.dataframe.vue.DataframeVue - fld: id widget:NumberInputWidgetVue datatype: BIGINT
INFO com.elintegro.erf.dataframe.vue.DataframeVue - fld: positionStart widget:DateWidgetVue datatype: DATE
INFO com.elintegro.erf.dataframe.vue.DataframeVue - fld: role widget:FKWidgetVue datatype: ASSOCIATION
INFO com.elintegro.erf.dataframe.vue.DataframeVue - fld: description widget:InputWidgetVue datatype: VARCHAR
INFO com.elintegro.erf.dataframe.vue.DataframeVue - fld: person widget:FKWidgetVue datatype: ASSOCIATION
DEBUG com.elintegro.erf.dataframe.vue.DataframeVue - Found widget for id != NumberInputWidgetVue
DEBUG com.elintegro.erf.dataframe.vue.DataframeVue - Found widget for positionStart != DateWidgetVue
DEBUG com.elintegro.erf.dataframe.vue.DataframeVue - Found widget for role != ComboboxVue
DEBUG com.elintegro.erf.dataframe.vue.DataframeVue - Found widget for description != TextAreaWidgetVue
DEBUG com.elintegro.erf.dataframe.vue.DataframeVue - Found widget for person != DataframeWidgetVue
INFO com.elintegro.erf.dataframe.service.MetaFieldService - metafield:TableName: person Column Name: first_name   DataType: VARCHAR    DomainClass: java.lang.String
INFO com.elintegro.erf.dataframe.service.MetaFieldService - metafield:TableName: person Column Name: last_name   DataType: VARCHAR    DomainClass: java.lang.String
INFO com.elintegro.erf.dataframe.service.MetaFieldService - metafield:TableName: person Column Name: id   DataType: BIGINT    DomainClass: java.lang.Long
INFO com.elintegro.erf.dataframe.service.MetaFieldService - metafield:TableName: person Column Name: contact_email   DataType: VARCHAR    DomainClass: java.lang.String
INFO com.elintegro.erf.dataframe.service.MetaFieldService - metafield:TableName: person Column Name: phone   DataType: VARCHAR    DomainClass: java.lang.String
INFO com.elintegro.erf.dataframe.vue.DataframeVue - fld: firstName widget:InputWidgetVue datatype: VARCHAR
INFO com.elintegro.erf.dataframe.vue.DataframeVue - fld: lastName widget:InputWidgetVue datatype: VARCHAR
INFO com.elintegro.erf.dataframe.vue.DataframeVue - fld: id widget:NumberInputWidgetVue datatype: BIGINT
INFO com.elintegro.erf.dataframe.vue.DataframeVue - fld: email widget:InputWidgetVue datatype: VARCHAR
INFO com.elintegro.erf.dataframe.vue.DataframeVue - fld: phone widget:InputWidgetVue datatype: VARCHAR
DEBUG com.elintegro.erf.dataframe.vue.DataframeVue - Found widget for firstName != InputWidgetVue
DEBUG com.elintegro.erf.dataframe.vue.DataframeVue - Found widget for lastName != InputWidgetVue
DEBUG com.elintegro.erf.dataframe.vue.DataframeVue - Found widget for id != NumberInputWidgetVue
DEBUG com.elintegro.erf.dataframe.vue.DataframeVue - Found widget for email != EmailWidgetVue
DEBUG com.elintegro.erf.dataframe.vue.DataframeVue - Found widget for phone != InputWidgetVue
DEBUG com.elintegro.erf.dataframe.vue.DataframeVue - Found widget for person.mainPicture != PictureDisplayWidgetVue
INFO com.elintegro.erf.dataframe.service.MetaFieldService - metafield:TableName: address Column Name: address_line   DataType: VARCHAR    DomainClass: java.lang.String
INFO com.elintegro.erf.dataframe.service.MetaFieldService - metafield:TableName: address Column Name: address_line2   DataType: VARCHAR    DomainClass: java.lang.String
INFO com.elintegro.erf.dataframe.service.MetaFieldService - metafield:TableName: address Column Name: id   DataType: BIGINT    DomainClass: java.lang.Long
INFO com.elintegro.erf.dataframe.service.MetaFieldService - metafield:TableName: address Column Name: address_text   DataType: VARCHAR    DomainClass: java.lang.String
INFO com.elintegro.erf.dataframe.service.MetaFieldService - metafield:TableName: address Column Name: apartment   DataType: VARCHAR    DomainClass: java.lang.String
INFO com.elintegro.erf.dataframe.service.MetaFieldService - metafield:TableName: address Column Name: street   DataType: VARCHAR    DomainClass: java.lang.String
INFO com.elintegro.erf.dataframe.service.MetaFieldService - metafield:TableName: address Column Name: city_string   DataType: VARCHAR    DomainClass: java.lang.String
INFO com.elintegro.erf.dataframe.service.MetaFieldService - metafield:TableName: address Column Name: country_string   DataType: VARCHAR    DomainClass: java.lang.String
INFO com.elintegro.erf.dataframe.service.MetaFieldService - metafield:TableName: address Column Name: postal_zip   DataType: VARCHAR    DomainClass: java.lang.String
INFO com.elintegro.erf.dataframe.vue.DataframeVue - fld: addressLine widget:InputWidgetVue datatype: VARCHAR
INFO com.elintegro.erf.dataframe.vue.DataframeVue - fld: addressLine2 widget:InputWidgetVue datatype: VARCHAR
INFO com.elintegro.erf.dataframe.vue.DataframeVue - fld: id widget:NumberInputWidgetVue datatype: BIGINT
INFO com.elintegro.erf.dataframe.vue.DataframeVue - fld: addressText widget:InputWidgetVue datatype: VARCHAR
INFO com.elintegro.erf.dataframe.vue.DataframeVue - fld: apartment widget:InputWidgetVue datatype: VARCHAR
INFO com.elintegro.erf.dataframe.vue.DataframeVue - fld: street widget:InputWidgetVue datatype: VARCHAR
INFO com.elintegro.erf.dataframe.vue.DataframeVue - fld: cityString widget:InputWidgetVue datatype: VARCHAR
INFO com.elintegro.erf.dataframe.vue.DataframeVue - fld: countryString widget:InputWidgetVue datatype: VARCHAR
INFO com.elintegro.erf.dataframe.vue.DataframeVue - fld: postalZip widget:InputWidgetVue datatype: VARCHAR
DEBUG com.elintegro.erf.dataframe.vue.DataframeVue - Found widget for addressLine != InputWidgetVue
DEBUG com.elintegro.erf.dataframe.vue.DataframeVue - Found widget for validateWithGoogle != ButtonWidgetVue
DEBUG com.elintegro.erf.dataframe.vue.DataframeVue - Found widget for addressLine2 != InputWidgetVue
DEBUG com.elintegro.erf.dataframe.vue.DataframeVue - Found widget for id != NumberInputWidgetVue
DEBUG com.elintegro.erf.dataframe.vue.DataframeVue - Found widget for addressText != InputWidgetVue
DEBUG com.elintegro.erf.dataframe.vue.DataframeVue - Found widget for apartment != InputWidgetVue
DEBUG com.elintegro.erf.dataframe.vue.DataframeVue - Found widget for street != InputWidgetVue
DEBUG com.elintegro.erf.dataframe.vue.DataframeVue - Found widget for cityString != InputWidgetVue
DEBUG com.elintegro.erf.dataframe.vue.DataframeVue - Found widget for countryString != InputWidgetVue
DEBUG com.elintegro.erf.dataframe.vue.DataframeVue - Found widget for postalZip != InputWidgetVue
DEBUG com.elintegro.erf.dataframe.vue.DataframeVue - Found widget for googleMap != DataframeWidgetVue
INFO com.elintegro.erf.dataframe.service.MetaFieldService - metafield:TableName: provider Column Name: id   DataType: BIGINT    DomainClass: java.lang.Long
INFO com.elintegro.erf.dataframe.service.MetaFieldService - metafield:TableName: provider Column Name: person_id   DataType: ASSOCIATION    DomainClass: com.elintegro.crm.Person
INFO com.elintegro.erf.dataframe.service.MetaFieldService - metafield:TableName: provider Column Name: provider_type_id   DataType: ASSOCIATION    DomainClass: com.elintegro.elintegrostartapp.ref.ProviderType
INFO com.elintegro.erf.dataframe.vue.DataframeVue - fld: id widget:NumberInputWidgetVue datatype: BIGINT
INFO com.elintegro.erf.dataframe.vue.DataframeVue - fld: person widget:FKWidgetVue datatype: ASSOCIATION
INFO com.elintegro.erf.dataframe.vue.DataframeVue - fld: providerType widget:FKWidgetVue datatype: ASSOCIATION
DEBUG com.elintegro.erf.dataframe.vue.DataframeVue - Found widget for id != NumberInputWidgetVue
DEBUG com.elintegro.erf.dataframe.vue.DataframeVue - Found widget for person != DataframeWidgetVue
DEBUG com.elintegro.erf.dataframe.vue.DataframeVue - Found widget for providerType != ComboboxVue
INFO com.elintegro.erf.dataframe.service.MetaFieldService - metafield:TableName: person Column Name: first_name   DataType: VARCHAR    DomainClass: java.lang.String
INFO com.elintegro.erf.dataframe.service.MetaFieldService - metafield:TableName: person Column Name: last_name   DataType: VARCHAR    DomainClass: java.lang.String
INFO com.elintegro.erf.dataframe.service.MetaFieldService - metafield:TableName: person Column Name: id   DataType: BIGINT    DomainClass: java.lang.Long
INFO com.elintegro.erf.dataframe.service.MetaFieldService - metafield:TableName: person Column Name: contact_email   DataType: VARCHAR    DomainClass: java.lang.String
INFO com.elintegro.erf.dataframe.service.MetaFieldService - metafield:TableName: person Column Name: phone   DataType: VARCHAR    DomainClass: java.lang.String
INFO com.elintegro.erf.dataframe.vue.DataframeVue - fld: firstName widget:InputWidgetVue datatype: VARCHAR
INFO com.elintegro.erf.dataframe.vue.DataframeVue - fld: lastName widget:InputWidgetVue datatype: VARCHAR
INFO com.elintegro.erf.dataframe.vue.DataframeVue - fld: id widget:NumberInputWidgetVue datatype: BIGINT
INFO com.elintegro.erf.dataframe.vue.DataframeVue - fld: email widget:InputWidgetVue datatype: VARCHAR
INFO com.elintegro.erf.dataframe.vue.DataframeVue - fld: phone widget:InputWidgetVue datatype: VARCHAR
DEBUG com.elintegro.erf.dataframe.vue.DataframeVue - Found widget for firstName != InputWidgetVue
DEBUG com.elintegro.erf.dataframe.vue.DataframeVue - Found widget for lastName != InputWidgetVue
DEBUG com.elintegro.erf.dataframe.vue.DataframeVue - Found widget for id != NumberInputWidgetVue
DEBUG com.elintegro.erf.dataframe.vue.DataframeVue - Found widget for email != EmailWidgetVue
DEBUG com.elintegro.erf.dataframe.vue.DataframeVue - Found widget for phone != InputWidgetVue
DEBUG com.elintegro.erf.dataframe.vue.DataframeVue - Found widget for person.mainPicture != PictureDisplayWidgetVue
INFO com.elintegro.erf.dataframe.service.MetaFieldService - metafield:TableName: address Column Name: address_line   DataType: VARCHAR    DomainClass: java.lang.String
INFO com.elintegro.erf.dataframe.service.MetaFieldService - metafield:TableName: address Column Name: address_line2   DataType: VARCHAR    DomainClass: java.lang.String
INFO com.elintegro.erf.dataframe.service.MetaFieldService - metafield:TableName: address Column Name: id   DataType: BIGINT    DomainClass: java.lang.Long
INFO com.elintegro.erf.dataframe.service.MetaFieldService - metafield:TableName: address Column Name: address_text   DataType: VARCHAR    DomainClass: java.lang.String
INFO com.elintegro.erf.dataframe.service.MetaFieldService - metafield:TableName: address Column Name: apartment   DataType: VARCHAR    DomainClass: java.lang.String
INFO com.elintegro.erf.dataframe.service.MetaFieldService - metafield:TableName: address Column Name: street   DataType: VARCHAR    DomainClass: java.lang.String
INFO com.elintegro.erf.dataframe.service.MetaFieldService - metafield:TableName: address Column Name: city_string   DataType: VARCHAR    DomainClass: java.lang.String
INFO com.elintegro.erf.dataframe.service.MetaFieldService - metafield:TableName: address Column Name: country_string   DataType: VARCHAR    DomainClass: java.lang.String
INFO com.elintegro.erf.dataframe.service.MetaFieldService - metafield:TableName: address Column Name: postal_zip   DataType: VARCHAR    DomainClass: java.lang.String
INFO com.elintegro.erf.dataframe.vue.DataframeVue - fld: addressLine widget:InputWidgetVue datatype: VARCHAR
INFO com.elintegro.erf.dataframe.vue.DataframeVue - fld: addressLine2 widget:InputWidgetVue datatype: VARCHAR
INFO com.elintegro.erf.dataframe.vue.DataframeVue - fld: id widget:NumberInputWidgetVue datatype: BIGINT
INFO com.elintegro.erf.dataframe.vue.DataframeVue - fld: addressText widget:InputWidgetVue datatype: VARCHAR
INFO com.elintegro.erf.dataframe.vue.DataframeVue - fld: apartment widget:InputWidgetVue datatype: VARCHAR
INFO com.elintegro.erf.dataframe.vue.DataframeVue - fld: street widget:InputWidgetVue datatype: VARCHAR
INFO com.elintegro.erf.dataframe.vue.DataframeVue - fld: cityString widget:InputWidgetVue datatype: VARCHAR
INFO com.elintegro.erf.dataframe.vue.DataframeVue - fld: countryString widget:InputWidgetVue datatype: VARCHAR
INFO com.elintegro.erf.dataframe.vue.DataframeVue - fld: postalZip widget:InputWidgetVue datatype: VARCHAR
DEBUG com.elintegro.erf.dataframe.vue.DataframeVue - Found widget for addressLine != InputWidgetVue
DEBUG com.elintegro.erf.dataframe.vue.DataframeVue - Found widget for validateWithGoogle != ButtonWidgetVue
DEBUG com.elintegro.erf.dataframe.vue.DataframeVue - Found widget for addressLine2 != InputWidgetVue
DEBUG com.elintegro.erf.dataframe.vue.DataframeVue - Found widget for id != NumberInputWidgetVue
DEBUG com.elintegro.erf.dataframe.vue.DataframeVue - Found widget for addressText != InputWidgetVue
DEBUG com.elintegro.erf.dataframe.vue.DataframeVue - Found widget for apartment != InputWidgetVue
DEBUG com.elintegro.erf.dataframe.vue.DataframeVue - Found widget for street != InputWidgetVue
DEBUG com.elintegro.erf.dataframe.vue.DataframeVue - Found widget for cityString != InputWidgetVue
DEBUG com.elintegro.erf.dataframe.vue.DataframeVue - Found widget for countryString != InputWidgetVue
DEBUG com.elintegro.erf.dataframe.vue.DataframeVue - Found widget for postalZip != InputWidgetVue
DEBUG com.elintegro.erf.dataframe.vue.DataframeVue - Found widget for googleMap != DataframeWidgetVue
INFO com.elintegro.erf.dataframe.service.MetaFieldService - metafield:TableName: vendor Column Name: id   DataType: BIGINT    DomainClass: java.lang.Long
INFO com.elintegro.erf.dataframe.service.MetaFieldService - metafield:TableName: vendor Column Name: person_id   DataType: ASSOCIATION    DomainClass: com.elintegro.crm.Person
INFO com.elintegro.erf.dataframe.service.MetaFieldService - metafield:TableName: vendor Column Name: description   DataType: VARCHAR    DomainClass: java.lang.String
INFO com.elintegro.erf.dataframe.vue.DataframeVue - fld: id widget:NumberInputWidgetVue datatype: BIGINT
INFO com.elintegro.erf.dataframe.vue.DataframeVue - fld: person widget:FKWidgetVue datatype: ASSOCIATION
INFO com.elintegro.erf.dataframe.vue.DataframeVue - fld: description widget:InputWidgetVue datatype: VARCHAR
DEBUG com.elintegro.erf.dataframe.vue.DataframeVue - Found widget for id != NumberInputWidgetVue
DEBUG com.elintegro.erf.dataframe.vue.DataframeVue - Found widget for person != DataframeWidgetVue
DEBUG com.elintegro.erf.dataframe.vue.DataframeVue - Found widget for description != TextAreaWidgetVue
INFO com.elintegro.erf.dataframe.service.MetaFieldService - metafield:TableName: medication Column Name: code   DataType: VARCHAR    DomainClass: java.lang.String
INFO com.elintegro.erf.dataframe.service.MetaFieldService - metafield:TableName: medication Column Name: name   DataType: VARCHAR    DomainClass: java.lang.String
INFO com.elintegro.erf.dataframe.service.MetaFieldService - metafield:TableName: medication Column Name: description   DataType: VARCHAR    DomainClass: java.lang.String
INFO com.elintegro.erf.dataframe.vue.DataframeVue - fld: code widget:InputWidgetVue datatype: VARCHAR
INFO com.elintegro.erf.dataframe.vue.DataframeVue - fld: name widget:InputWidgetVue datatype: VARCHAR
INFO com.elintegro.erf.dataframe.vue.DataframeVue - fld: description widget:InputWidgetVue datatype: VARCHAR
DEBUG com.elintegro.erf.dataframe.vue.DataframeVue - Found widget for code != InputWidgetVue
DEBUG com.elintegro.erf.dataframe.vue.DataframeVue - Found widget for name != InputWidgetVue
DEBUG com.elintegro.erf.dataframe.vue.DataframeVue - Found widget for description != InputWidgetVue
DEBUG com.elintegro.erf.dataframe.service.MetaFieldService - 
DEBUG com.elintegro.erf.dataframe.service.MetaFieldService - 
DEBUG com.elintegro.erf.dataframe.service.MetaFieldService - 
DEBUG com.elintegro.erf.dataframe.service.MetaFieldService - 
DEBUG com.elintegro.erf.dataframe.service.MetaFieldService - 
DEBUG com.elintegro.erf.dataframe.service.MetaFieldService - 
DEBUG com.elintegro.erf.dataframe.service.MetaFieldService - 
DEBUG com.elintegro.erf.dataframe.service.MetaFieldService - 
DEBUG com.elintegro.erf.dataframe.service.MetaFieldService - 
DEBUG com.elintegro.erf.dataframe.service.MetaFieldService - 
DEBUG com.elintegro.erf.dataframe.service.MetaFieldService - 
DEBUG com.elintegro.erf.dataframe.service.MetaFieldService - 
DEBUG com.elintegro.erf.dataframe.service.MetaFieldService - 
DEBUG com.elintegro.erf.dataframe.service.MetaFieldService - 
DEBUG com.elintegro.erf.dataframe.service.MetaFieldService - 
INFO com.elintegro.erf.dataframe.service.MetaFieldService - metafield:TableName: prescribed_medication Column Name: id   DataType: BIGINT    DomainClass: java.lang.Long
INFO com.elintegro.erf.dataframe.service.MetaFieldService - metafield:TableName: prescribed_medication Column Name: medication_id   DataType: ASSOCIATION    DomainClass: com.elintegro.elintegrostartapp.ref.Medication
INFO com.elintegro.erf.dataframe.service.MetaFieldService - metafield:TableName: prescribed_medication Column Name: dosage   DataType: BIGINT    DomainClass: int
INFO com.elintegro.erf.dataframe.service.MetaFieldService - metafield:TableName: prescribed_medication Column Name: units   DataType: VARCHAR    DomainClass: java.lang.String
INFO com.elintegro.erf.dataframe.service.MetaFieldService - metafield:TableName: prescribed_medication Column Name: frequency_unit_id   DataType: ASSOCIATION    DomainClass: com.elintegro.elintegrostartapp.client.FrequencyUnit
INFO com.elintegro.erf.dataframe.service.MetaFieldService - metafield:TableName: prescribed_medication Column Name: frequency   DataType: BIGINT    DomainClass: int
INFO com.elintegro.erf.dataframe.service.MetaFieldService - metafield:TableName: prescribed_medication Column Name: start   DataType: DATE    DomainClass: java.util.Date
INFO com.elintegro.erf.dataframe.service.MetaFieldService - metafield:TableName: prescribed_medication Column Name: expiration   DataType: DATE    DomainClass: java.util.Date
INFO com.elintegro.erf.dataframe.vue.DataframeVue - fld: id widget:NumberInputWidgetVue datatype: BIGINT
INFO com.elintegro.erf.dataframe.vue.DataframeVue - fld: medication widget:FKWidgetVue datatype: ASSOCIATION
INFO com.elintegro.erf.dataframe.vue.DataframeVue - fld: dosage widget:NumberInputWidgetVue datatype: BIGINT
INFO com.elintegro.erf.dataframe.vue.DataframeVue - fld: units widget:InputWidgetVue datatype: VARCHAR
INFO com.elintegro.erf.dataframe.vue.DataframeVue - fld: frequencyUnit widget:FKWidgetVue datatype: ASSOCIATION
INFO com.elintegro.erf.dataframe.vue.DataframeVue - fld: frequency widget:NumberInputWidgetVue datatype: BIGINT
INFO com.elintegro.erf.dataframe.vue.DataframeVue - fld: start widget:DateWidgetVue datatype: DATE
INFO com.elintegro.erf.dataframe.vue.DataframeVue - fld: expiration widget:DateWidgetVue datatype: DATE
DEBUG com.elintegro.erf.dataframe.vue.DataframeVue - Found widget for id != NumberInputWidgetVue
DEBUG com.elintegro.erf.dataframe.vue.DataframeVue - Found widget for medication != DataframeWidgetVue
DEBUG com.elintegro.erf.dataframe.vue.DataframeVue - Found widget for dosage != NumberInputWidgetVue
DEBUG com.elintegro.erf.dataframe.vue.DataframeVue - Found widget for units != InputWidgetVue
DEBUG com.elintegro.erf.dataframe.vue.DataframeVue - Found widget for frequencyUnit != ComboboxVue
DEBUG com.elintegro.erf.dataframe.vue.DataframeVue - Found widget for frequency != NumberInputWidgetVue
DEBUG com.elintegro.erf.dataframe.vue.DataframeVue - Found widget for start != DateWidgetVue
DEBUG com.elintegro.erf.dataframe.vue.DataframeVue - Found widget for expiration != DateWidgetVue
DEBUG com.elintegro.erf.dataframe.vue.DataframeVue - Found widget for record.medications != GridWidgetVue
INFO com.elintegro.erf.dataframe.service.MetaFieldService - metafield:TableName: prescribed_medication Column Name: id   DataType: BIGINT    DomainClass: java.lang.Long
INFO com.elintegro.erf.dataframe.service.MetaFieldService - metafield:TableName: prescribed_medication Column Name: dosage   DataType: BIGINT    DomainClass: int
INFO com.elintegro.erf.dataframe.service.MetaFieldService - metafield:TableName: prescribed_medication Column Name: frequency   DataType: BIGINT    DomainClass: int
INFO com.elintegro.erf.dataframe.service.MetaFieldService - metafield:TableName: prescribed_medication Column Name: start   DataType: DATE    DomainClass: java.util.Date
INFO com.elintegro.erf.dataframe.service.MetaFieldService - metafield:TableName: prescribed_medication Column Name: expiration   DataType: DATE    DomainClass: java.util.Date
DEBUG com.elintegro.erf.dataframe.service.MetaFieldService - 
DEBUG com.elintegro.erf.dataframe.service.MetaFieldService - 
DEBUG com.elintegro.erf.dataframe.service.MetaFieldService - 
DEBUG com.elintegro.erf.dataframe.service.MetaFieldService - 
DEBUG com.elintegro.erf.dataframe.service.MetaFieldService - 
DEBUG com.elintegro.erf.dataframe.service.MetaFieldService - 
DEBUG com.elintegro.erf.dataframe.service.MetaFieldService - 
DEBUG com.elintegro.erf.dataframe.service.MetaFieldService - 
DEBUG com.elintegro.erf.dataframe.service.MetaFieldService - 
INFO com.elintegro.erf.dataframe.service.MetaFieldService - metafield:TableName: medical_record Column Name: medicare_no   DataType: VARCHAR    DomainClass: java.lang.String
INFO com.elintegro.erf.dataframe.service.MetaFieldService - metafield:TableName: medical_record Column Name: physician   DataType: VARCHAR    DomainClass: java.lang.String
INFO com.elintegro.erf.dataframe.service.MetaFieldService - metafield:TableName: medical_record Column Name: other_requirements   DataType: VARCHAR    DomainClass: java.lang.String
INFO com.elintegro.erf.dataframe.vue.DataframeVue - fld: medicareNo widget:InputWidgetVue datatype: VARCHAR
INFO com.elintegro.erf.dataframe.vue.DataframeVue - fld: physician widget:InputWidgetVue datatype: VARCHAR
INFO com.elintegro.erf.dataframe.vue.DataframeVue - fld: otherRequirements widget:InputWidgetVue datatype: VARCHAR
DEBUG com.elintegro.erf.dataframe.vue.DataframeVue - Found widget for medicareNo != InputWidgetVue
DEBUG com.elintegro.erf.dataframe.vue.DataframeVue - Found widget for physician != InputWidgetVue
DEBUG com.elintegro.erf.dataframe.vue.DataframeVue - Found widget for otherRequirements != InputWidgetVue
INFO com.elintegro.erf.dataframe.service.MetaFieldService - metafield:TableName: person Column Name: first_name   DataType: VARCHAR    DomainClass: java.lang.String
INFO com.elintegro.erf.dataframe.service.MetaFieldService - metafield:TableName: person Column Name: last_name   DataType: VARCHAR    DomainClass: java.lang.String
INFO com.elintegro.erf.dataframe.service.MetaFieldService - metafield:TableName: person Column Name: id   DataType: BIGINT    DomainClass: java.lang.Long
INFO com.elintegro.erf.dataframe.service.MetaFieldService - metafield:TableName: person Column Name: contact_email   DataType: VARCHAR    DomainClass: java.lang.String
INFO com.elintegro.erf.dataframe.service.MetaFieldService - metafield:TableName: person Column Name: phone   DataType: VARCHAR    DomainClass: java.lang.String
INFO com.elintegro.erf.dataframe.vue.DataframeVue - fld: firstName widget:InputWidgetVue datatype: VARCHAR
INFO com.elintegro.erf.dataframe.vue.DataframeVue - fld: lastName widget:InputWidgetVue datatype: VARCHAR
INFO com.elintegro.erf.dataframe.vue.DataframeVue - fld: id widget:NumberInputWidgetVue datatype: BIGINT
INFO com.elintegro.erf.dataframe.vue.DataframeVue - fld: email widget:InputWidgetVue datatype: VARCHAR
INFO com.elintegro.erf.dataframe.vue.DataframeVue - fld: phone widget:InputWidgetVue datatype: VARCHAR
DEBUG com.elintegro.erf.dataframe.vue.DataframeVue - Found widget for firstName != InputWidgetVue
DEBUG com.elintegro.erf.dataframe.vue.DataframeVue - Found widget for lastName != InputWidgetVue
DEBUG com.elintegro.erf.dataframe.vue.DataframeVue - Found widget for id != NumberInputWidgetVue
DEBUG com.elintegro.erf.dataframe.vue.DataframeVue - Found widget for email != EmailWidgetVue
DEBUG com.elintegro.erf.dataframe.vue.DataframeVue - Found widget for phone != InputWidgetVue
DEBUG com.elintegro.erf.dataframe.vue.DataframeVue - Found widget for person.mainPicture != PictureDisplayWidgetVue
DEBUG com.elintegro.erf.dataframe.service.MetaFieldService - 
DEBUG com.elintegro.erf.dataframe.service.MetaFieldService - 
DEBUG com.elintegro.erf.dataframe.service.MetaFieldService - 
DEBUG com.elintegro.erf.dataframe.service.MetaFieldService - 
DEBUG com.elintegro.erf.dataframe.service.MetaFieldService - 
DEBUG com.elintegro.erf.dataframe.service.MetaFieldService - 
DEBUG com.elintegro.erf.dataframe.service.MetaFieldService - 
DEBUG com.elintegro.erf.dataframe.service.MetaFieldService - 
DEBUG com.elintegro.erf.dataframe.service.MetaFieldService - 
DEBUG com.elintegro.erf.dataframe.service.MetaFieldService - 
DEBUG com.elintegro.erf.dataframe.service.MetaFieldService - 
DEBUG com.elintegro.erf.dataframe.service.MetaFieldService - 
DEBUG com.elintegro.erf.dataframe.service.MetaFieldService - 
DEBUG com.elintegro.erf.dataframe.service.MetaFieldService - 
DEBUG com.elintegro.erf.dataframe.service.MetaFieldService - 
INFO com.elintegro.erf.dataframe.service.MetaFieldService - metafield:TableName: application Column Name: id   DataType: BIGINT    DomainClass: java.lang.Long
INFO com.elintegro.erf.dataframe.service.MetaFieldService - metafield:TableName: application Column Name: create_time   DataType: DATE    DomainClass: java.util.Date
INFO com.elintegro.erf.dataframe.service.MetaFieldService - metafield:TableName: application Column Name: applicant_id   DataType: ASSOCIATION    DomainClass: com.elintegro.crm.Person
INFO com.elintegro.erf.dataframe.service.MetaFieldService - metafield:TableName: application Column Name: medical_record_id   DataType: ASSOCIATION    DomainClass: com.elintegro.elintegrostartapp.client.MedicalRecord
INFO com.elintegro.erf.dataframe.vue.DataframeVue - fld: id widget:NumberInputWidgetVue datatype: BIGINT
INFO com.elintegro.erf.dataframe.vue.DataframeVue - fld: createTime widget:DateWidgetVue datatype: DATE
INFO com.elintegro.erf.dataframe.vue.DataframeVue - fld: applicant widget:FKWidgetVue datatype: ASSOCIATION
INFO com.elintegro.erf.dataframe.vue.DataframeVue - fld: medicalRecord widget:FKWidgetVue datatype: ASSOCIATION
DEBUG com.elintegro.erf.dataframe.vue.DataframeVue - Found widget for id != NumberInputWidgetVue
DEBUG com.elintegro.erf.dataframe.vue.DataframeVue - Found widget for createTime != DateWidgetVue
DEBUG com.elintegro.erf.dataframe.vue.DataframeVue - Found widget for applicant != DataframeWidgetVue
DEBUG com.elintegro.erf.dataframe.vue.DataframeVue - Found widget for medicalRecord != DataframeWidgetVue
INFO com.elintegro.erf.dataframe.service.MetaFieldService - metafield:TableName: medication Column Name: code   DataType: VARCHAR    DomainClass: java.lang.String
INFO com.elintegro.erf.dataframe.service.MetaFieldService - metafield:TableName: medication Column Name: name   DataType: VARCHAR    DomainClass: java.lang.String
INFO com.elintegro.erf.dataframe.service.MetaFieldService - metafield:TableName: medication Column Name: description   DataType: VARCHAR    DomainClass: java.lang.String
INFO com.elintegro.erf.dataframe.vue.DataframeVue - fld: code widget:InputWidgetVue datatype: VARCHAR
INFO com.elintegro.erf.dataframe.vue.DataframeVue - fld: name widget:InputWidgetVue datatype: VARCHAR
INFO com.elintegro.erf.dataframe.vue.DataframeVue - fld: description widget:InputWidgetVue datatype: VARCHAR
DEBUG com.elintegro.erf.dataframe.vue.DataframeVue - Found widget for code != InputWidgetVue
DEBUG com.elintegro.erf.dataframe.vue.DataframeVue - Found widget for name != InputWidgetVue
DEBUG com.elintegro.erf.dataframe.vue.DataframeVue - Found widget for description != InputWidgetVue
INFO com.elintegro.erf.dataframe.service.MetaFieldService - metafield:TableName: prescribed_medication Column Name: id   DataType: BIGINT    DomainClass: java.lang.Long
INFO com.elintegro.erf.dataframe.service.MetaFieldService - metafield:TableName: prescribed_medication Column Name: medication_id   DataType: ASSOCIATION    DomainClass: com.elintegro.elintegrostartapp.ref.Medication
INFO com.elintegro.erf.dataframe.service.MetaFieldService - metafield:TableName: prescribed_medication Column Name: dosage   DataType: BIGINT    DomainClass: int
INFO com.elintegro.erf.dataframe.service.MetaFieldService - metafield:TableName: prescribed_medication Column Name: units   DataType: VARCHAR    DomainClass: java.lang.String
INFO com.elintegro.erf.dataframe.service.MetaFieldService - metafield:TableName: prescribed_medication Column Name: frequency_unit_id   DataType: ASSOCIATION    DomainClass: com.elintegro.elintegrostartapp.client.FrequencyUnit
INFO com.elintegro.erf.dataframe.service.MetaFieldService - metafield:TableName: prescribed_medication Column Name: frequency   DataType: BIGINT    DomainClass: int
INFO com.elintegro.erf.dataframe.service.MetaFieldService - metafield:TableName: prescribed_medication Column Name: start   DataType: DATE    DomainClass: java.util.Date
INFO com.elintegro.erf.dataframe.service.MetaFieldService - metafield:TableName: prescribed_medication Column Name: expiration   DataType: DATE    DomainClass: java.util.Date
INFO com.elintegro.erf.dataframe.vue.DataframeVue - fld: id widget:NumberInputWidgetVue datatype: BIGINT
INFO com.elintegro.erf.dataframe.vue.DataframeVue - fld: medication widget:FKWidgetVue datatype: ASSOCIATION
INFO com.elintegro.erf.dataframe.vue.DataframeVue - fld: dosage widget:NumberInputWidgetVue datatype: BIGINT
INFO com.elintegro.erf.dataframe.vue.DataframeVue - fld: units widget:InputWidgetVue datatype: VARCHAR
INFO com.elintegro.erf.dataframe.vue.DataframeVue - fld: frequencyUnit widget:FKWidgetVue datatype: ASSOCIATION
INFO com.elintegro.erf.dataframe.vue.DataframeVue - fld: frequency widget:NumberInputWidgetVue datatype: BIGINT
INFO com.elintegro.erf.dataframe.vue.DataframeVue - fld: start widget:DateWidgetVue datatype: DATE
INFO com.elintegro.erf.dataframe.vue.DataframeVue - fld: expiration widget:DateWidgetVue datatype: DATE
DEBUG com.elintegro.erf.dataframe.vue.DataframeVue - Found widget for id != NumberInputWidgetVue
DEBUG com.elintegro.erf.dataframe.vue.DataframeVue - Found widget for medication != DataframeWidgetVue
DEBUG com.elintegro.erf.dataframe.vue.DataframeVue - Found widget for dosage != NumberInputWidgetVue
DEBUG com.elintegro.erf.dataframe.vue.DataframeVue - Found widget for units != InputWidgetVue
DEBUG com.elintegro.erf.dataframe.vue.DataframeVue - Found widget for frequencyUnit != ComboboxVue
DEBUG com.elintegro.erf.dataframe.vue.DataframeVue - Found widget for frequency != NumberInputWidgetVue
DEBUG com.elintegro.erf.dataframe.vue.DataframeVue - Found widget for start != DateWidgetVue
DEBUG com.elintegro.erf.dataframe.vue.DataframeVue - Found widget for expiration != DateWidgetVue
DEBUG com.elintegro.erf.dataframe.vue.DataframeVue - Found widget for record.medications != GridWidgetVue
INFO com.elintegro.erf.dataframe.service.MetaFieldService - metafield:TableName: medical_record Column Name: medicare_no   DataType: VARCHAR    DomainClass: java.lang.String
INFO com.elintegro.erf.dataframe.service.MetaFieldService - metafield:TableName: medical_record Column Name: physician   DataType: VARCHAR    DomainClass: java.lang.String
INFO com.elintegro.erf.dataframe.service.MetaFieldService - metafield:TableName: medical_record Column Name: other_requirements   DataType: VARCHAR    DomainClass: java.lang.String
INFO com.elintegro.erf.dataframe.vue.DataframeVue - fld: medicareNo widget:InputWidgetVue datatype: VARCHAR
INFO com.elintegro.erf.dataframe.vue.DataframeVue - fld: physician widget:InputWidgetVue datatype: VARCHAR
INFO com.elintegro.erf.dataframe.vue.DataframeVue - fld: otherRequirements widget:InputWidgetVue datatype: VARCHAR
DEBUG com.elintegro.erf.dataframe.vue.DataframeVue - Found widget for medicareNo != InputWidgetVue
DEBUG com.elintegro.erf.dataframe.vue.DataframeVue - Found widget for physician != InputWidgetVue
DEBUG com.elintegro.erf.dataframe.vue.DataframeVue - Found widget for otherRequirements != InputWidgetVue
INFO com.elintegro.erf.dataframe.service.MetaFieldService - metafield:TableName: application Column Name: id   DataType: BIGINT    DomainClass: java.lang.Long
INFO com.elintegro.erf.dataframe.service.MetaFieldService - metafield:TableName: application Column Name: create_time   DataType: DATE    DomainClass: java.util.Date
INFO com.elintegro.erf.dataframe.service.MetaFieldService - metafield:TableName: application Column Name: applicant_id   DataType: ASSOCIATION    DomainClass: com.elintegro.crm.Person
INFO com.elintegro.erf.dataframe.service.MetaFieldService - metafield:TableName: application Column Name: medical_record_id   DataType: ASSOCIATION    DomainClass: com.elintegro.elintegrostartapp.client.MedicalRecord
INFO com.elintegro.erf.dataframe.vue.DataframeVue - fld: id widget:NumberInputWidgetVue datatype: BIGINT
INFO com.elintegro.erf.dataframe.vue.DataframeVue - fld: createTime widget:DateWidgetVue datatype: DATE
INFO com.elintegro.erf.dataframe.vue.DataframeVue - fld: applicant widget:FKWidgetVue datatype: ASSOCIATION
INFO com.elintegro.erf.dataframe.vue.DataframeVue - fld: medicalRecord widget:FKWidgetVue datatype: ASSOCIATION
DEBUG com.elintegro.erf.dataframe.vue.DataframeVue - Found widget for id != NumberInputWidgetVue
DEBUG com.elintegro.erf.dataframe.vue.DataframeVue - Found widget for createTime != DateWidgetVue
DEBUG com.elintegro.erf.dataframe.vue.DataframeVue - Found widget for applicant != DataframeWidgetVue
DEBUG com.elintegro.erf.dataframe.vue.DataframeVue - Found widget for medicalRecord != DataframeWidgetVue
DEBUG com.elintegro.erf.dataframe.vue.DataframeVue - Found widget for applications != GridWidgetVue
INFO com.elintegro.erf.dataframe.service.MetaFieldService - metafield:TableName: person Column Name: first_name   DataType: VARCHAR    DomainClass: java.lang.String
INFO com.elintegro.erf.dataframe.service.MetaFieldService - metafield:TableName: person Column Name: last_name   DataType: VARCHAR    DomainClass: java.lang.String
INFO com.elintegro.erf.dataframe.service.MetaFieldService - metafield:TableName: application_status Column Name: name   DataType: VARCHAR    DomainClass: java.lang.String
INFO com.elintegro.erf.dataframe.service.MetaFieldService - metafield:TableName: application Column Name: id   DataType: BIGINT    DomainClass: java.lang.Long
INFO com.elintegro.erf.dataframe.service.MetaFieldService - metafield:TableName: medication Column Name: code   DataType: VARCHAR    DomainClass: java.lang.String
INFO com.elintegro.erf.dataframe.service.MetaFieldService - metafield:TableName: medication Column Name: name   DataType: VARCHAR    DomainClass: java.lang.String
INFO com.elintegro.erf.dataframe.service.MetaFieldService - metafield:TableName: medication Column Name: description   DataType: VARCHAR    DomainClass: java.lang.String
INFO com.elintegro.erf.dataframe.vue.DataframeVue - fld: code widget:InputWidgetVue datatype: VARCHAR
INFO com.elintegro.erf.dataframe.vue.DataframeVue - fld: name widget:InputWidgetVue datatype: VARCHAR
INFO com.elintegro.erf.dataframe.vue.DataframeVue - fld: description widget:InputWidgetVue datatype: VARCHAR
DEBUG com.elintegro.erf.dataframe.vue.DataframeVue - Found widget for code != InputWidgetVue
DEBUG com.elintegro.erf.dataframe.vue.DataframeVue - Found widget for name != InputWidgetVue
DEBUG com.elintegro.erf.dataframe.vue.DataframeVue - Found widget for description != InputWidgetVue
INFO com.elintegro.erf.dataframe.service.MetaFieldService - metafield:TableName: prescribed_medication Column Name: id   DataType: BIGINT    DomainClass: java.lang.Long
INFO com.elintegro.erf.dataframe.service.MetaFieldService - metafield:TableName: prescribed_medication Column Name: medication_id   DataType: ASSOCIATION    DomainClass: com.elintegro.elintegrostartapp.ref.Medication
INFO com.elintegro.erf.dataframe.service.MetaFieldService - metafield:TableName: prescribed_medication Column Name: dosage   DataType: BIGINT    DomainClass: int
INFO com.elintegro.erf.dataframe.service.MetaFieldService - metafield:TableName: prescribed_medication Column Name: units   DataType: VARCHAR    DomainClass: java.lang.String
INFO com.elintegro.erf.dataframe.service.MetaFieldService - metafield:TableName: prescribed_medication Column Name: frequency_unit_id   DataType: ASSOCIATION    DomainClass: com.elintegro.elintegrostartapp.client.FrequencyUnit
INFO com.elintegro.erf.dataframe.service.MetaFieldService - metafield:TableName: prescribed_medication Column Name: frequency   DataType: BIGINT    DomainClass: int
INFO com.elintegro.erf.dataframe.service.MetaFieldService - metafield:TableName: prescribed_medication Column Name: start   DataType: DATE    DomainClass: java.util.Date
INFO com.elintegro.erf.dataframe.service.MetaFieldService - metafield:TableName: prescribed_medication Column Name: expiration   DataType: DATE    DomainClass: java.util.Date
INFO com.elintegro.erf.dataframe.vue.DataframeVue - fld: id widget:NumberInputWidgetVue datatype: BIGINT
INFO com.elintegro.erf.dataframe.vue.DataframeVue - fld: medication widget:FKWidgetVue datatype: ASSOCIATION
INFO com.elintegro.erf.dataframe.vue.DataframeVue - fld: dosage widget:NumberInputWidgetVue datatype: BIGINT
INFO com.elintegro.erf.dataframe.vue.DataframeVue - fld: units widget:InputWidgetVue datatype: VARCHAR
INFO com.elintegro.erf.dataframe.vue.DataframeVue - fld: frequencyUnit widget:FKWidgetVue datatype: ASSOCIATION
INFO com.elintegro.erf.dataframe.vue.DataframeVue - fld: frequency widget:NumberInputWidgetVue datatype: BIGINT
INFO com.elintegro.erf.dataframe.vue.DataframeVue - fld: start widget:DateWidgetVue datatype: DATE
INFO com.elintegro.erf.dataframe.vue.DataframeVue - fld: expiration widget:DateWidgetVue datatype: DATE
DEBUG com.elintegro.erf.dataframe.vue.DataframeVue - Found widget for id != NumberInputWidgetVue
DEBUG com.elintegro.erf.dataframe.vue.DataframeVue - Found widget for medication != DataframeWidgetVue
DEBUG com.elintegro.erf.dataframe.vue.DataframeVue - Found widget for dosage != NumberInputWidgetVue
DEBUG com.elintegro.erf.dataframe.vue.DataframeVue - Found widget for units != InputWidgetVue
DEBUG com.elintegro.erf.dataframe.vue.DataframeVue - Found widget for frequencyUnit != ComboboxVue
DEBUG com.elintegro.erf.dataframe.vue.DataframeVue - Found widget for frequency != NumberInputWidgetVue
DEBUG com.elintegro.erf.dataframe.vue.DataframeVue - Found widget for start != DateWidgetVue
DEBUG com.elintegro.erf.dataframe.vue.DataframeVue - Found widget for expiration != DateWidgetVue
INFO com.elintegro.erf.dataframe.service.MetaFieldService - metafield:TableName: medical_record Column Name: id   DataType: ASSOCIATION    DomainClass: java.util.Set
INFO com.elintegro.erf.dataframe.vue.DataframeVue - fld: medications widget:InputWidgetVue datatype: ASSOCIATION
DEBUG com.elintegro.erf.dataframe.vue.DataframeVue - Found widget for medications != GridWidgetVue
INFO com.elintegro.erf.dataframe.service.MetaFieldService - metafield:TableName: prescribed_medication Column Name: id   DataType: BIGINT    DomainClass: java.lang.Long
INFO com.elintegro.erf.dataframe.service.MetaFieldService - metafield:TableName: prescribed_medication Column Name: dosage   DataType: BIGINT    DomainClass: int
INFO com.elintegro.erf.dataframe.service.MetaFieldService - metafield:TableName: prescribed_medication Column Name: units   DataType: VARCHAR    DomainClass: java.lang.String
INFO com.elintegro.erf.dataframe.service.MetaFieldService - metafield:TableName: prescribed_medication Column Name: frequency_unit_id   DataType: ASSOCIATION    DomainClass: com.elintegro.elintegrostartapp.client.FrequencyUnit
INFO com.elintegro.erf.dataframe.service.MetaFieldService - metafield:TableName: prescribed_medication Column Name: frequency   DataType: BIGINT    DomainClass: int
INFO com.elintegro.erf.dataframe.service.MetaFieldService - metafield:TableName: prescribed_medication Column Name: start   DataType: DATE    DomainClass: java.util.Date
INFO com.elintegro.erf.dataframe.service.MetaFieldService - metafield:TableName: prescribed_medication Column Name: expiration   DataType: DATE    DomainClass: java.util.Date
DEBUG com.elintegro.erf.dataframe.vue.DataframeVue - Found widget for addMedication != ButtonWidgetVue
INFO com.elintegro.erf.dataframe.service.MetaFieldService - metafield:TableName: medical_record Column Name: medicare_no   DataType: VARCHAR    DomainClass: java.lang.String
INFO com.elintegro.erf.dataframe.service.MetaFieldService - metafield:TableName: medical_record Column Name: physician   DataType: VARCHAR    DomainClass: java.lang.String
INFO com.elintegro.erf.dataframe.service.MetaFieldService - metafield:TableName: medical_record Column Name: other_requirements   DataType: VARCHAR    DomainClass: java.lang.String
INFO com.elintegro.erf.dataframe.service.MetaFieldService - metafield:TableName: medical_record Column Name: person_id   DataType: ASSOCIATION    DomainClass: com.elintegro.crm.Person
INFO com.elintegro.erf.dataframe.vue.DataframeVue - fld: medicareNo widget:InputWidgetVue datatype: VARCHAR
INFO com.elintegro.erf.dataframe.vue.DataframeVue - fld: physician widget:InputWidgetVue datatype: VARCHAR
INFO com.elintegro.erf.dataframe.vue.DataframeVue - fld: otherRequirements widget:InputWidgetVue datatype: VARCHAR
INFO com.elintegro.erf.dataframe.vue.DataframeVue - fld: person widget:FKWidgetVue datatype: ASSOCIATION
DEBUG com.elintegro.erf.dataframe.vue.DataframeVue - Found widget for medicareNo != InputWidgetVue
DEBUG com.elintegro.erf.dataframe.vue.DataframeVue - Found widget for physician != InputWidgetVue
DEBUG com.elintegro.erf.dataframe.vue.DataframeVue - Found widget for otherRequirements != InputWidgetVue
DEBUG com.elintegro.erf.dataframe.vue.DataframeVue - Found widget for person != FKWidgetVue
INFO com.elintegro.erf.dataframe.service.MetaFieldService - metafield:TableName: person Column Name: first_name   DataType: VARCHAR    DomainClass: java.lang.String
INFO com.elintegro.erf.dataframe.service.MetaFieldService - metafield:TableName: person Column Name: last_name   DataType: VARCHAR    DomainClass: java.lang.String
INFO com.elintegro.erf.dataframe.service.MetaFieldService - metafield:TableName: person Column Name: id   DataType: BIGINT    DomainClass: java.lang.Long
INFO com.elintegro.erf.dataframe.service.MetaFieldService - metafield:TableName: person Column Name: contact_email   DataType: VARCHAR    DomainClass: java.lang.String
INFO com.elintegro.erf.dataframe.service.MetaFieldService - metafield:TableName: person Column Name: phone   DataType: VARCHAR    DomainClass: java.lang.String
INFO com.elintegro.erf.dataframe.vue.DataframeVue - fld: firstName widget:InputWidgetVue datatype: VARCHAR
INFO com.elintegro.erf.dataframe.vue.DataframeVue - fld: lastName widget:InputWidgetVue datatype: VARCHAR
INFO com.elintegro.erf.dataframe.vue.DataframeVue - fld: id widget:NumberInputWidgetVue datatype: BIGINT
INFO com.elintegro.erf.dataframe.vue.DataframeVue - fld: email widget:InputWidgetVue datatype: VARCHAR
INFO com.elintegro.erf.dataframe.vue.DataframeVue - fld: phone widget:InputWidgetVue datatype: VARCHAR
INFO com.elintegro.erf.dataframe.service.MetaFieldService - metafield:TableName: address Column Name: address_line   DataType: VARCHAR    DomainClass: java.lang.String
INFO com.elintegro.erf.dataframe.service.MetaFieldService - metafield:TableName: address Column Name: address_line2   DataType: VARCHAR    DomainClass: java.lang.String
INFO com.elintegro.erf.dataframe.service.MetaFieldService - metafield:TableName: address Column Name: id   DataType: BIGINT    DomainClass: java.lang.Long
INFO com.elintegro.erf.dataframe.service.MetaFieldService - metafield:TableName: address Column Name: address_text   DataType: VARCHAR    DomainClass: java.lang.String
INFO com.elintegro.erf.dataframe.service.MetaFieldService - metafield:TableName: address Column Name: apartment   DataType: VARCHAR    DomainClass: java.lang.String
INFO com.elintegro.erf.dataframe.service.MetaFieldService - metafield:TableName: address Column Name: street   DataType: VARCHAR    DomainClass: java.lang.String
INFO com.elintegro.erf.dataframe.service.MetaFieldService - metafield:TableName: address Column Name: city_string   DataType: VARCHAR    DomainClass: java.lang.String
INFO com.elintegro.erf.dataframe.service.MetaFieldService - metafield:TableName: address Column Name: country_string   DataType: VARCHAR    DomainClass: java.lang.String
INFO com.elintegro.erf.dataframe.service.MetaFieldService - metafield:TableName: address Column Name: postal_zip   DataType: VARCHAR    DomainClass: java.lang.String
INFO com.elintegro.erf.dataframe.vue.DataframeVue - fld: addressLine widget:InputWidgetVue datatype: VARCHAR
INFO com.elintegro.erf.dataframe.vue.DataframeVue - fld: addressLine2 widget:InputWidgetVue datatype: VARCHAR
INFO com.elintegro.erf.dataframe.vue.DataframeVue - fld: id widget:NumberInputWidgetVue datatype: BIGINT
INFO com.elintegro.erf.dataframe.vue.DataframeVue - fld: addressText widget:InputWidgetVue datatype: VARCHAR
INFO com.elintegro.erf.dataframe.vue.DataframeVue - fld: apartment widget:InputWidgetVue datatype: VARCHAR
INFO com.elintegro.erf.dataframe.vue.DataframeVue - fld: street widget:InputWidgetVue datatype: VARCHAR
INFO com.elintegro.erf.dataframe.vue.DataframeVue - fld: cityString widget:InputWidgetVue datatype: VARCHAR
INFO com.elintegro.erf.dataframe.vue.DataframeVue - fld: countryString widget:InputWidgetVue datatype: VARCHAR
INFO com.elintegro.erf.dataframe.vue.DataframeVue - fld: postalZip widget:InputWidgetVue datatype: VARCHAR
DEBUG com.elintegro.erf.dataframe.vue.DataframeVue - Found widget for addressLine != InputWidgetVue
DEBUG com.elintegro.erf.dataframe.vue.DataframeVue - Found widget for validateWithGoogle != ButtonWidgetVue
DEBUG com.elintegro.erf.dataframe.vue.DataframeVue - Found widget for addressLine2 != InputWidgetVue
DEBUG com.elintegro.erf.dataframe.vue.DataframeVue - Found widget for id != NumberInputWidgetVue
DEBUG com.elintegro.erf.dataframe.vue.DataframeVue - Found widget for addressText != InputWidgetVue
DEBUG com.elintegro.erf.dataframe.vue.DataframeVue - Found widget for apartment != InputWidgetVue
DEBUG com.elintegro.erf.dataframe.vue.DataframeVue - Found widget for street != InputWidgetVue
DEBUG com.elintegro.erf.dataframe.vue.DataframeVue - Found widget for cityString != InputWidgetVue
DEBUG com.elintegro.erf.dataframe.vue.DataframeVue - Found widget for countryString != InputWidgetVue
DEBUG com.elintegro.erf.dataframe.vue.DataframeVue - Found widget for postalZip != InputWidgetVue
DEBUG com.elintegro.erf.dataframe.vue.DataframeVue - Found widget for googleMap != DataframeWidgetVue
DEBUG com.elintegro.erf.dataframe.vue.DataframeVue - Found widget for firstName != InputWidgetVue
DEBUG com.elintegro.erf.dataframe.vue.DataframeVue - Found widget for lastName != InputWidgetVue
DEBUG com.elintegro.erf.dataframe.vue.DataframeVue - Found widget for id != NumberInputWidgetVue
DEBUG com.elintegro.erf.dataframe.vue.DataframeVue - Found widget for email != EmailWidgetVue
DEBUG com.elintegro.erf.dataframe.vue.DataframeVue - Found widget for phone != InputWidgetVue
DEBUG com.elintegro.erf.dataframe.vue.DataframeVue - Found widget for person.mainPicture != PictureDisplayWidgetVue
INFO com.elintegro.erf.dataframe.service.MetaFieldService - metafield:TableName: application Column Name: id   DataType: BIGINT    DomainClass: java.lang.Long
INFO com.elintegro.erf.dataframe.service.MetaFieldService - metafield:TableName: application Column Name: applicant_id   DataType: ASSOCIATION    DomainClass: com.elintegro.crm.Person
INFO com.elintegro.erf.dataframe.vue.DataframeVue - fld: id widget:NumberInputWidgetVue datatype: BIGINT
INFO com.elintegro.erf.dataframe.vue.DataframeVue - fld: applicant widget:FKWidgetVue datatype: ASSOCIATION
DEBUG com.elintegro.erf.dataframe.vue.DataframeVue - Found widget for id != NumberInputWidgetVue
DEBUG com.elintegro.erf.dataframe.vue.DataframeVue - Found widget for applicant != DataframeWidgetVue
DEBUG com.elintegro.erf.dataframe.service.MetaFieldService - 
DEBUG com.elintegro.erf.dataframe.service.MetaFieldService - 
DEBUG com.elintegro.erf.dataframe.service.MetaFieldService - 
DEBUG com.elintegro.erf.dataframe.service.MetaFieldService - 
DEBUG com.elintegro.erf.dataframe.service.MetaFieldService - 
DEBUG com.elintegro.erf.dataframe.service.MetaFieldService - 
DEBUG com.elintegro.erf.dataframe.service.MetaFieldService - 
DEBUG com.elintegro.erf.dataframe.service.MetaFieldService - 
DEBUG com.elintegro.erf.dataframe.service.MetaFieldService - 
DEBUG com.elintegro.erf.dataframe.service.MetaFieldService - 
DEBUG com.elintegro.erf.dataframe.service.MetaFieldService - 
DEBUG com.elintegro.erf.dataframe.service.MetaFieldService - 
DEBUG com.elintegro.erf.dataframe.service.MetaFieldService - 
DEBUG com.elintegro.erf.dataframe.service.MetaFieldService - 
DEBUG com.elintegro.erf.dataframe.service.MetaFieldService - 
INFO com.elintegro.erf.dataframe.service.MetaFieldService - metafield:TableName: event Column Name: id   DataType: BIGINT    DomainClass: java.lang.Long
INFO com.elintegro.erf.dataframe.service.MetaFieldService - metafield:TableName: event Column Name: client_id   DataType: ASSOCIATION    DomainClass: com.elintegro.elintegrostartapp.client.Client
INFO com.elintegro.erf.dataframe.service.MetaFieldService - metafield:TableName: event Column Name: event_type_id   DataType: ASSOCIATION    DomainClass: com.elintegro.elintegrostartapp.ref.EventType
INFO com.elintegro.erf.dataframe.service.MetaFieldService - metafield:TableName: event Column Name: description   DataType: VARCHAR    DomainClass: java.lang.String
INFO com.elintegro.erf.dataframe.service.MetaFieldService - metafield:TableName: event Column Name: id   DataType: ASSOCIATION    DomainClass: java.util.Set
INFO com.elintegro.erf.dataframe.vue.DataframeVue - fld: id widget:NumberInputWidgetVue datatype: BIGINT
INFO com.elintegro.erf.dataframe.vue.DataframeVue - fld: client widget:FKWidgetVue datatype: ASSOCIATION
INFO com.elintegro.erf.dataframe.vue.DataframeVue - fld: eventType widget:FKWidgetVue datatype: ASSOCIATION
INFO com.elintegro.erf.dataframe.vue.DataframeVue - fld: description widget:InputWidgetVue datatype: VARCHAR
INFO com.elintegro.erf.dataframe.vue.DataframeVue - fld: images widget:InputWidgetVue datatype: ASSOCIATION
DEBUG com.elintegro.erf.dataframe.vue.DataframeVue - Found widget for id != NumberInputWidgetVue
DEBUG com.elintegro.erf.dataframe.vue.DataframeVue - Found widget for client != ComboboxVue
DEBUG com.elintegro.erf.dataframe.vue.DataframeVue - Found widget for eventType != ComboboxVue
DEBUG com.elintegro.erf.dataframe.vue.DataframeVue - Found widget for description != TextAreaWidgetVue
DEBUG com.elintegro.erf.dataframe.vue.DataframeVue - Found widget for images != PictureUploadWidgetVue
INFO com.elintegro.erf.dataframe.service.MetaFieldService - metafield:TableName: person Column Name: id   DataType: BIGINT    DomainClass: java.lang.Long
INFO com.elintegro.erf.dataframe.service.MetaFieldService - metafield:TableName: person Column Name: main_picture   DataType: VARCHAR    DomainClass: java.lang.String
INFO com.elintegro.erf.dataframe.service.MetaFieldService - metafield:TableName: person Column Name: contact_email   DataType: VARCHAR    DomainClass: java.lang.String
INFO com.elintegro.erf.dataframe.service.MetaFieldService - metafield:TableName: person Column Name: first_name   DataType: VARCHAR    DomainClass: java.lang.String
INFO com.elintegro.erf.dataframe.service.MetaFieldService - metafield:TableName: person Column Name: last_name   DataType: VARCHAR    DomainClass: java.lang.String
INFO com.elintegro.erf.dataframe.service.MetaFieldService - metafield:TableName: person Column Name: bday   DataType: DATE    DomainClass: java.util.Date
INFO com.elintegro.erf.dataframe.service.MetaFieldService - metafield:TableName: person Column Name: phone   DataType: VARCHAR    DomainClass: java.lang.String
INFO com.elintegro.erf.dataframe.vue.DataframeVue - fld: id widget:NumberInputWidgetVue datatype: BIGINT
INFO com.elintegro.erf.dataframe.vue.DataframeVue - fld: mainPicture widget:InputWidgetVue datatype: VARCHAR
INFO com.elintegro.erf.dataframe.vue.DataframeVue - fld: email widget:InputWidgetVue datatype: VARCHAR
INFO com.elintegro.erf.dataframe.vue.DataframeVue - fld: firstName widget:InputWidgetVue datatype: VARCHAR
INFO com.elintegro.erf.dataframe.vue.DataframeVue - fld: lastName widget:InputWidgetVue datatype: VARCHAR
INFO com.elintegro.erf.dataframe.vue.DataframeVue - fld: bday widget:DateWidgetVue datatype: DATE
INFO com.elintegro.erf.dataframe.vue.DataframeVue - fld: phone widget:InputWidgetVue datatype: VARCHAR
DEBUG com.elintegro.erf.dataframe.vue.DataframeVue - Found widget for id != NumberInputWidgetVue
DEBUG com.elintegro.erf.dataframe.vue.DataframeVue - Found widget for mainPicture != PictureDisplayWidgetVue
DEBUG com.elintegro.erf.dataframe.vue.DataframeVue - Found widget for propertyImages != PictureUploadWidgetVue
DEBUG com.elintegro.erf.dataframe.vue.DataframeVue - Found widget for email != EmailWidgetVue
DEBUG com.elintegro.erf.dataframe.vue.DataframeVue - Found widget for firstName != InputWidgetVue
DEBUG com.elintegro.erf.dataframe.vue.DataframeVue - Found widget for lastName != InputWidgetVue
DEBUG com.elintegro.erf.dataframe.vue.DataframeVue - Found widget for bday != DateWidgetVue
DEBUG com.elintegro.erf.dataframe.vue.DataframeVue - Found widget for phone != PhoneNumberWidgetVue
DEBUG com.elintegro.erf.dataframe.vue.DataframeVue - Found widget for person.languages != MultiSelectComboboxVue
INFO com.elintegro.erf.dataframe.service.MetaFieldService - metafield:TableName: person Column Name: id   DataType: BIGINT    DomainClass: java.lang.Long
INFO com.elintegro.erf.dataframe.service.MetaFieldService - metafield:TableName: person Column Name: first_name   DataType: VARCHAR    DomainClass: java.lang.String
INFO com.elintegro.erf.dataframe.service.MetaFieldService - metafield:TableName: person Column Name: last_name   DataType: VARCHAR    DomainClass: java.lang.String
INFO com.elintegro.erf.dataframe.service.MetaFieldService - metafield:TableName: person Column Name: main_picture   DataType: VARCHAR    DomainClass: java.lang.String
INFO com.elintegro.erf.dataframe.vue.DataframeVue - fld: id widget:NumberInputWidgetVue datatype: BIGINT
INFO com.elintegro.erf.dataframe.vue.DataframeVue - fld: firstName widget:InputWidgetVue datatype: VARCHAR
INFO com.elintegro.erf.dataframe.vue.DataframeVue - fld: lastName widget:InputWidgetVue datatype: VARCHAR
INFO com.elintegro.erf.dataframe.vue.DataframeVue - fld: mainPicture widget:InputWidgetVue datatype: VARCHAR
DEBUG com.elintegro.erf.dataframe.vue.DataframeVue - Found widget for id != InputWidgetVue
DEBUG com.elintegro.erf.dataframe.vue.DataframeVue - Found widget for firstName != InputWidgetVue
DEBUG com.elintegro.erf.dataframe.vue.DataframeVue - Found widget for lastName != InputWidgetVue
DEBUG com.elintegro.erf.dataframe.vue.DataframeVue - Found widget for mainPicture != PictureDisplayWidgetVue
INFO com.elintegro.erf.dataframe.service.MetaFieldService - metafield:TableName: person Column Name: id   DataType: BIGINT    DomainClass: java.lang.Long
INFO com.elintegro.erf.dataframe.service.MetaFieldService - metafield:TableName: person Column Name: main_picture   DataType: VARCHAR    DomainClass: java.lang.String
INFO com.elintegro.erf.dataframe.vue.DataframeVue - fld: id widget:NumberInputWidgetVue datatype: BIGINT
INFO com.elintegro.erf.dataframe.vue.DataframeVue - fld: mainPicture widget:InputWidgetVue datatype: VARCHAR
DEBUG com.elintegro.erf.dataframe.vue.DataframeVue - Found widget for id != NumberInputWidgetVue
DEBUG com.elintegro.erf.dataframe.vue.DataframeVue - Found widget for mainPicture != PictureDisplayWidgetVue
DEBUG com.elintegro.erf.dataframe.vue.DataframeVue - Found widget for alert != SnackbarWidgetVue
INFO com.elintegro.erf.dataframe.service.MetaFieldService - metafield:TableName: user Column Name: username   DataType: VARCHAR    DomainClass: java.lang.String
INFO com.elintegro.erf.dataframe.service.MetaFieldService - metafield:TableName: user Column Name: password   DataType: VARCHAR    DomainClass: java.lang.String
INFO com.elintegro.erf.dataframe.vue.DataframeVue - fld: username widget:InputWidgetVue datatype: VARCHAR
INFO com.elintegro.erf.dataframe.vue.DataframeVue - fld: password widget:InputWidgetVue datatype: VARCHAR
DEBUG com.elintegro.erf.dataframe.vue.DataframeVue - Found widget for username != EmailWidgetVue
DEBUG com.elintegro.erf.dataframe.vue.DataframeVue - Found widget for password != PasswordWidgetVue
DEBUG com.elintegro.erf.dataframe.vue.DataframeVue - Found widget for rememberMe != CheckboxWidgetVue
DEBUG com.elintegro.erf.dataframe.ResultPageHtmlBuilder - Stop
DEBUG com.elintegro.erf.dataframe.ResultPageHtmlBuilder - Stop
DEBUG com.elintegro.erf.dataframe.ResultPageHtmlBuilder - Stop
DEBUG com.elintegro.erf.dataframe.ResultPageHtmlBuilder - Stop
DEBUG com.elintegro.erf.dataframe.ResultPageHtmlBuilder - Stop
DEBUG com.elintegro.erf.dataframe.ResultPageHtmlBuilder - Stop
DEBUG com.elintegro.erf.dataframe.ResultPageHtmlBuilder - Stop
DEBUG com.elintegro.erf.dataframe.ResultPageHtmlBuilder - Stop
